{"/home/hiroki/projects/live-comment/packages/app/src/comment/LabeledCheckbox.tsx": {"path":"/home/hiroki/projects/live-comment/packages/app/src/comment/LabeledCheckbox.tsx","statementMap":{"0":{"start":{"line":1,"column":0},"end":{"line":1,"column":35}},"1":{"start":{"line":2,"column":0},"end":{"line":2,"column":null}},"2":{"start":{"line":14,"column":48},"end":{"line":34,"column":1}},"3":{"start":{"line":15,"column":25},"end":{"line":17,"column":16}},"4":{"start":{"line":16,"column":4},"end":{"line":16,"column":null}},"5":{"start":{"line":19,"column":2},"end":{"line":33,"column":null}},"6":{"start":{"line":14,"column":13},"end":{"line":14,"column":48}}},"fnMap":{"0":{"name":"(anonymous_0)","decl":{"start":{"line":14,"column":48},"end":{"line":14,"column":49}},"loc":{"start":{"line":14,"column":107},"end":{"line":34,"column":1}}},"1":{"name":"(anonymous_1)","decl":{"start":{"line":15,"column":37},"end":{"line":15,"column":38}},"loc":{"start":{"line":15,"column":86},"end":{"line":17,"column":3}}}},"branchMap":{},"s":{"0":2,"1":2,"2":2,"3":42,"4":3,"5":42,"6":2},"f":{"0":42,"1":3},"b":{}}
,"/home/hiroki/projects/live-comment/packages/app/src/comment/LoginForm.tsx": {"path":"/home/hiroki/projects/live-comment/packages/app/src/comment/LoginForm.tsx","statementMap":{"0":{"start":{"line":1,"column":0},"end":{"line":1,"column":84}},"1":{"start":{"line":2,"column":0},"end":{"line":2,"column":55}},"2":{"start":{"line":3,"column":0},"end":{"line":3,"column":47}},"3":{"start":{"line":4,"column":0},"end":{"line":4,"column":null}},"4":{"start":{"line":13,"column":0},"end":{"line":13,"column":47}},"5":{"start":{"line":14,"column":0},"end":{"line":14,"column":51}},"6":{"start":{"line":21,"column":18},"end":{"line":42,"column":2}},"7":{"start":{"line":44,"column":12},"end":{"line":44,"column":34}},"8":{"start":{"line":46,"column":48},"end":{"line":182,"column":1}},"9":{"start":{"line":47,"column":42},"end":{"line":49,"column":4}},"10":{"start":{"line":50,"column":26},"end":{"line":53,"column":4}},"11":{"start":{"line":54,"column":34},"end":{"line":57,"column":4}},"12":{"start":{"line":58,"column":36},"end":{"line":58,"column":60}},"13":{"start":{"line":60,"column":2},"end":{"line":74,"column":null}},"14":{"start":{"line":61,"column":18},"end":{"line":61,"column":54}},"15":{"start":{"line":62,"column":4},"end":{"line":65,"column":null}},"16":{"start":{"line":63,"column":6},"end":{"line":63,"column":null}},"17":{"start":{"line":64,"column":6},"end":{"line":64,"column":12}},"18":{"start":{"line":66,"column":17},"end":{"line":66,"column":64}},"19":{"start":{"line":67,"column":4},"end":{"line":70,"column":null}},"20":{"start":{"line":68,"column":6},"end":{"line":68,"column":null}},"21":{"start":{"line":69,"column":6},"end":{"line":69,"column":12}},"22":{"start":{"line":71,"column":4},"end":{"line":71,"column":null}},"23":{"start":{"line":72,"column":25},"end":{"line":72,"column":41}},"24":{"start":{"line":73,"column":4},"end":{"line":73,"column":null}},"25":{"start":{"line":76,"column":19},"end":{"line":109,"column":53}},"26":{"start":{"line":77,"column":4},"end":{"line":77,"column":null}},"27":{"start":{"line":78,"column":32},"end":{"line":83,"column":null}},"28":{"start":{"line":84,"column":4},"end":{"line":108,"column":null}},"29":{"start":{"line":97,"column":6},"end":{"line":99,"column":85}},"30":{"start":{"line":102,"column":6},"end":{"line":106,"column":null}},"31":{"start":{"line":103,"column":8},"end":{"line":103,"column":null}},"32":{"start":{"line":104,"column":8},"end":{"line":104,"column":null}},"33":{"start":{"line":105,"column":8},"end":{"line":105,"column":14}},"34":{"start":{"line":107,"column":6},"end":{"line":107,"column":null}},"35":{"start":{"line":111,"column":28},"end":{"line":134,"column":35}},"36":{"start":{"line":112,"column":4},"end":{"line":112,"column":null}},"37":{"start":{"line":113,"column":4},"end":{"line":115,"column":null}},"38":{"start":{"line":114,"column":6},"end":{"line":114,"column":null}},"39":{"start":{"line":116,"column":4},"end":{"line":133,"column":null}},"40":{"start":{"line":118,"column":22},"end":{"line":118,"column":49}},"41":{"start":{"line":119,"column":8},"end":{"line":122,"column":null}},"42":{"start":{"line":123,"column":8},"end":{"line":123,"column":13}},"43":{"start":{"line":126,"column":22},"end":{"line":126,"column":49}},"44":{"start":{"line":127,"column":8},"end":{"line":130,"column":null}},"45":{"start":{"line":131,"column":8},"end":{"line":131,"column":13}},"46":{"start":{"line":136,"column":19},"end":{"line":138,"column":44}},"47":{"start":{"line":137,"column":4},"end":{"line":137,"column":null}},"48":{"start":{"line":140,"column":18},"end":{"line":140,"column":29}},"49":{"start":{"line":141,"column":2},"end":{"line":181,"column":null}},"50":{"start":{"line":170,"column":33},"end":{"line":170,"column":55}},"51":{"start":{"line":46,"column":13},"end":{"line":46,"column":48}}},"fnMap":{"0":{"name":"(anonymous_1)","decl":{"start":{"line":46,"column":48},"end":{"line":46,"column":49}},"loc":{"start":{"line":46,"column":97},"end":{"line":182,"column":1}}},"1":{"name":"(anonymous_2)","decl":{"start":{"line":60,"column":12},"end":{"line":60,"column":21}},"loc":{"start":{"line":60,"column":23},"end":{"line":74,"column":3}}},"2":{"name":"(anonymous_3)","decl":{"start":{"line":76,"column":31},"end":{"line":76,"column":32}},"loc":{"start":{"line":76,"column":71},"end":{"line":109,"column":3}}},"3":{"name":"(anonymous_4)","decl":{"start":{"line":96,"column":11},"end":{"line":96,"column":12}},"loc":{"start":{"line":97,"column":6},"end":{"line":99,"column":85}}},"4":{"name":"(anonymous_5)","decl":{"start":{"line":100,"column":11},"end":{"line":100,"column":12}},"loc":{"start":{"line":100,"column":32},"end":{"line":108,"column":5}}},"5":{"name":"(anonymous_6)","decl":{"start":{"line":111,"column":40},"end":{"line":111,"column":41}},"loc":{"start":{"line":111,"column":83},"end":{"line":134,"column":3}}},"6":{"name":"(anonymous_7)","decl":{"start":{"line":136,"column":31},"end":{"line":136,"column":43}},"loc":{"start":{"line":136,"column":45},"end":{"line":138,"column":3}}},"7":{"name":"(anonymous_8)","decl":{"start":{"line":170,"column":20},"end":{"line":170,"column":27}},"loc":{"start":{"line":170,"column":30},"end":{"line":170,"column":56}}}},"branchMap":{"0":{"loc":{"start":{"line":62,"column":4},"end":{"line":65,"column":null}},"type":"if","locations":[{"start":{"line":62,"column":4},"end":{"line":65,"column":null}},{"start":{"line":62,"column":4},"end":{"line":65,"column":null}}]},"1":{"loc":{"start":{"line":67,"column":4},"end":{"line":70,"column":null}},"type":"if","locations":[{"start":{"line":67,"column":4},"end":{"line":70,"column":null}},{"start":{"line":67,"column":4},"end":{"line":70,"column":null}}]},"2":{"loc":{"start":{"line":98,"column":10},"end":{"line":98,"column":20}},"type":"cond-expr","locations":[{"start":{"line":98,"column":10},"end":{"line":98,"column":20}},{"start":{"line":99,"column":10},"end":{"line":99,"column":85}}]},"3":{"loc":{"start":{"line":102,"column":6},"end":{"line":106,"column":null}},"type":"if","locations":[{"start":{"line":102,"column":6},"end":{"line":106,"column":null}},{"start":{"line":102,"column":6},"end":{"line":106,"column":null}}]},"4":{"loc":{"start":{"line":107,"column":71},"end":{"line":107,"column":80}},"type":"cond-expr","locations":[{"start":{"line":107,"column":71},"end":{"line":107,"column":80}},{"start":{"line":107,"column":83},"end":{"line":107,"column":100}}]},"5":{"loc":{"start":{"line":113,"column":4},"end":{"line":115,"column":null}},"type":"if","locations":[{"start":{"line":113,"column":4},"end":{"line":115,"column":null}},{"start":{"line":113,"column":4},"end":{"line":115,"column":null}}]},"6":{"loc":{"start":{"line":117,"column":6},"end":{"line":124,"column":null}},"type":"switch","locations":[{"start":{"line":117,"column":6},"end":{"line":124,"column":null}},{"start":{"line":125,"column":6},"end":{"line":132,"column":null}}]},"7":{"loc":{"start":{"line":121,"column":30},"end":{"line":121,"column":48}},"type":"cond-expr","locations":[{"start":{"line":121,"column":30},"end":{"line":121,"column":48}},{"start":{"line":121,"column":51},"end":{"line":121,"column":53}}]},"8":{"loc":{"start":{"line":129,"column":30},"end":{"line":129,"column":46}},"type":"cond-expr","locations":[{"start":{"line":129,"column":30},"end":{"line":129,"column":46}},{"start":{"line":129,"column":49},"end":{"line":129,"column":51}}]},"9":{"loc":{"start":{"line":137,"column":11},"end":{"line":137,"column":37}},"type":"binary-expr","locations":[{"start":{"line":137,"column":11},"end":{"line":137,"column":37}},{"start":{"line":137,"column":41},"end":{"line":137,"column":71}}]}},"s":{"0":1,"1":1,"2":1,"3":1,"4":1,"5":1,"6":1,"7":1,"8":1,"9":39,"10":39,"11":39,"12":39,"13":39,"14":10,"15":10,"16":1,"17":1,"18":9,"19":9,"20":8,"21":8,"22":1,"23":1,"24":1,"25":39,"26":4,"27":4,"28":4,"29":4,"30":4,"31":1,"32":1,"33":1,"34":3,"35":39,"36":16,"37":16,"38":0,"39":16,"40":8,"41":8,"42":8,"43":8,"44":8,"45":8,"46":39,"47":39,"48":39,"49":39,"50":1,"51":1},"f":{"0":39,"1":10,"2":4,"3":4,"4":4,"5":16,"6":39,"7":1},"b":{"0":[1,9],"1":[8,1],"2":[4,0],"3":[1,3],"4":[1,2],"5":[0,16],"6":[8,8],"7":[1,7],"8":[1,7],"9":[39,17]}}
,"/home/hiroki/projects/live-comment/packages/app/src/comment/PollControl.tsx": {"path":"/home/hiroki/projects/live-comment/packages/app/src/comment/PollControl.tsx","statementMap":{"0":{"start":{"line":3,"column":0},"end":{"line":3,"column":38}},"1":{"start":{"line":12,"column":49},"end":{"line":40,"column":1}},"2":{"start":{"line":15,"column":2},"end":{"line":39,"column":null}},"3":{"start":{"line":22,"column":12},"end":{"line":22,"column":51}},"4":{"start":{"line":23,"column":64},"end":{"line":23,"column":93}},"5":{"start":{"line":33,"column":31},"end":{"line":33,"column":51}},"6":{"start":{"line":12,"column":13},"end":{"line":12,"column":49}}},"fnMap":{"0":{"name":"(anonymous_0)","decl":{"start":{"line":12,"column":49},"end":{"line":12,"column":null}},"loc":{"start":{"line":14,"column":17},"end":{"line":40,"column":1}}},"1":{"name":"(anonymous_1)","decl":{"start":{"line":21,"column":27},"end":{"line":21,"column":28}},"loc":{"start":{"line":22,"column":12},"end":{"line":22,"column":51}}},"2":{"name":"(anonymous_2)","decl":{"start":{"line":23,"column":50},"end":{"line":23,"column":51}},"loc":{"start":{"line":23,"column":64},"end":{"line":23,"column":93}}},"3":{"name":"(anonymous_3)","decl":{"start":{"line":33,"column":19},"end":{"line":33,"column":28}},"loc":{"start":{"line":33,"column":31},"end":{"line":33,"column":51}}}},"branchMap":{},"s":{"0":1,"1":1,"2":4,"3":12,"4":3,"5":1,"6":1},"f":{"0":4,"1":12,"2":3,"3":1},"b":{}}
,"/home/hiroki/projects/live-comment/packages/app/src/comment/SendCommentForm.tsx": {"path":"/home/hiroki/projects/live-comment/packages/app/src/comment/SendCommentForm.tsx","statementMap":{"0":{"start":{"line":1,"column":0},"end":{"line":1,"column":72}},"1":{"start":{"line":18,"column":4},"end":{"line":18,"column":null}},"2":{"start":{"line":25,"column":10},"end":{"line":38,"column":null}},"3":{"start":{"line":26,"column":4},"end":{"line":28,"column":null}},"4":{"start":{"line":27,"column":6},"end":{"line":27,"column":12}},"5":{"start":{"line":30,"column":20},"end":{"line":30,"column":38}},"6":{"start":{"line":31,"column":4},"end":{"line":37,"column":null}},"7":{"start":{"line":32,"column":19},"end":{"line":32,"column":28}},"8":{"start":{"line":33,"column":6},"end":{"line":33,"column":null}},"9":{"start":{"line":34,"column":6},"end":{"line":36,"column":null}},"10":{"start":{"line":40,"column":10},"end":{"line":44,"column":null}},"11":{"start":{"line":41,"column":4},"end":{"line":43,"column":null}},"12":{"start":{"line":46,"column":10},"end":{"line":50,"column":null}},"13":{"start":{"line":47,"column":4},"end":{"line":49,"column":null}},"14":{"start":{"line":48,"column":6},"end":{"line":48,"column":null}},"15":{"start":{"line":52,"column":10},"end":{"line":61,"column":null}},"16":{"start":{"line":53,"column":4},"end":{"line":60,"column":null}},"17":{"start":{"line":55,"column":8},"end":{"line":55,"column":null}},"18":{"start":{"line":56,"column":8},"end":{"line":56,"column":13}},"19":{"start":{"line":58,"column":8},"end":{"line":58,"column":null}},"20":{"start":{"line":59,"column":8},"end":{"line":59,"column":13}},"21":{"start":{"line":63,"column":10},"end":{"line":67,"column":null}},"22":{"start":{"line":64,"column":4},"end":{"line":64,"column":null}},"23":{"start":{"line":65,"column":4},"end":{"line":65,"column":null}},"24":{"start":{"line":66,"column":4},"end":{"line":66,"column":null}},"25":{"start":{"line":69,"column":10},"end":{"line":73,"column":null}},"26":{"start":{"line":70,"column":4},"end":{"line":70,"column":null}},"27":{"start":{"line":71,"column":4},"end":{"line":71,"column":null}},"28":{"start":{"line":72,"column":4},"end":{"line":72,"column":null}},"29":{"start":{"line":19,"column":4},"end":{"line":21,"column":null}},"30":{"start":{"line":22,"column":4},"end":{"line":22,"column":null}},"31":{"start":{"line":76,"column":4},"end":{"line":94,"column":null}},"32":{"start":{"line":77,"column":31},"end":{"line":77,"column":50}},"33":{"start":{"line":13,"column":0},"end":{"line":13,"column":13}}},"fnMap":{"0":{"name":"(anonymous_0)","decl":{"start":{"line":17,"column":2},"end":{"line":17,"column":14}},"loc":{"start":{"line":17,"column":40},"end":{"line":23,"column":3}}},"1":{"name":"(anonymous_1)","decl":{"start":{"line":25,"column":17},"end":{"line":25,"column":26}},"loc":{"start":{"line":25,"column":28},"end":{"line":38,"column":3}}},"2":{"name":"(anonymous_2)","decl":{"start":{"line":40,"column":21},"end":{"line":40,"column":22}},"loc":{"start":{"line":40,"column":64},"end":{"line":44,"column":3}}},"3":{"name":"(anonymous_3)","decl":{"start":{"line":46,"column":20},"end":{"line":46,"column":21}},"loc":{"start":{"line":46,"column":65},"end":{"line":50,"column":3}}},"4":{"name":"(anonymous_4)","decl":{"start":{"line":52,"column":22},"end":{"line":52,"column":23}},"loc":{"start":{"line":52,"column":67},"end":{"line":61,"column":3}}},"5":{"name":"(anonymous_5)","decl":{"start":{"line":63,"column":24},"end":{"line":63,"column":33}},"loc":{"start":{"line":63,"column":35},"end":{"line":67,"column":3}}},"6":{"name":"(anonymous_6)","decl":{"start":{"line":69,"column":25},"end":{"line":69,"column":34}},"loc":{"start":{"line":69,"column":36},"end":{"line":73,"column":3}}},"7":{"name":"(anonymous_7)","decl":{"start":{"line":75,"column":2},"end":{"line":75,"column":8}},"loc":{"start":{"line":75,"column":8},"end":{"line":95,"column":3}}},"8":{"name":"(anonymous_8)","decl":{"start":{"line":77,"column":22},"end":{"line":77,"column":23}},"loc":{"start":{"line":77,"column":28},"end":{"line":77,"column":51}}}},"branchMap":{"0":{"loc":{"start":{"line":26,"column":4},"end":{"line":28,"column":null}},"type":"if","locations":[{"start":{"line":26,"column":4},"end":{"line":28,"column":null}},{"start":{"line":26,"column":4},"end":{"line":28,"column":null}}]},"1":{"loc":{"start":{"line":26,"column":8},"end":{"line":26,"column":36}},"type":"binary-expr","locations":[{"start":{"line":26,"column":8},"end":{"line":26,"column":36}},{"start":{"line":26,"column":40},"end":{"line":26,"column":60}}]},"2":{"loc":{"start":{"line":31,"column":4},"end":{"line":37,"column":null}},"type":"if","locations":[{"start":{"line":31,"column":4},"end":{"line":37,"column":null}},{"start":{"line":31,"column":4},"end":{"line":37,"column":null}}]},"3":{"loc":{"start":{"line":47,"column":4},"end":{"line":49,"column":null}},"type":"if","locations":[{"start":{"line":47,"column":4},"end":{"line":49,"column":null}},{"start":{"line":47,"column":4},"end":{"line":49,"column":null}}]},"4":{"loc":{"start":{"line":54,"column":6},"end":{"line":56,"column":13}},"type":"switch","locations":[{"start":{"line":54,"column":6},"end":{"line":56,"column":13}},{"start":{"line":57,"column":6},"end":{"line":59,"column":13}}]}},"s":{"0":1,"1":5,"2":5,"3":5,"4":1,"5":4,"6":4,"7":4,"8":4,"9":4,"10":5,"11":47,"12":5,"13":51,"14":1,"15":5,"16":51,"17":1,"18":1,"19":3,"20":3,"21":5,"22":2,"23":2,"24":2,"25":5,"26":0,"27":0,"28":0,"29":5,"30":5,"31":56,"32":2,"33":1},"f":{"0":5,"1":5,"2":47,"3":51,"4":51,"5":2,"6":0,"7":56,"8":2},"b":{"0":[1,4],"1":[5,3],"2":[4,0],"3":[1,50],"4":[1,3]}}
,"/home/hiroki/projects/live-comment/packages/app/src/comment/pollHooks.ts": {"path":"/home/hiroki/projects/live-comment/packages/app/src/comment/pollHooks.ts","statementMap":{"0":{"start":{"line":1,"column":0},"end":{"line":1,"column":30}},"1":{"start":{"line":2,"column":0},"end":{"line":2,"column":43}},"2":{"start":{"line":8,"column":12},"end":{"line":8,"column":31}},"3":{"start":{"line":13,"column":2},"end":{"line":23,"column":null}},"4":{"start":{"line":14,"column":4},"end":{"line":14,"column":null}},"5":{"start":{"line":15,"column":33},"end":{"line":20,"column":null}},"6":{"start":{"line":21,"column":4},"end":{"line":21,"column":null}},"7":{"start":{"line":22,"column":4},"end":{"line":22,"column":null}},"8":{"start":{"line":10,"column":0},"end":{"line":10,"column":16}},"9":{"start":{"line":29,"column":2},"end":{"line":38,"column":null}},"10":{"start":{"line":30,"column":18},"end":{"line":30,"column":29}},"11":{"start":{"line":31,"column":22},"end":{"line":31,"column":65}},"12":{"start":{"line":31,"column":46},"end":{"line":31,"column":64}},"13":{"start":{"line":32,"column":4},"end":{"line":37,"column":null}},"14":{"start":{"line":33,"column":6},"end":{"line":33,"column":null}},"15":{"start":{"line":34,"column":6},"end":{"line":36,"column":null}},"16":{"start":{"line":35,"column":8},"end":{"line":35,"column":null}},"17":{"start":{"line":26,"column":0},"end":{"line":26,"column":16}}},"fnMap":{"0":{"name":"useOnPoll","decl":{"start":{"line":10,"column":16},"end":{"line":10,"column":25}},"loc":{"start":{"line":11,"column":57},"end":{"line":24,"column":1}}},"1":{"name":"(anonymous_7)","decl":{"start":{"line":13,"column":27},"end":{"line":13,"column":28}},"loc":{"start":{"line":13,"column":114},"end":{"line":23,"column":3}}},"2":{"name":"useOnClosePoll","decl":{"start":{"line":26,"column":16},"end":{"line":26,"column":30}},"loc":{"start":{"line":27,"column":54},"end":{"line":39,"column":1}}},"3":{"name":"(anonymous_9)","decl":{"start":{"line":29,"column":27},"end":{"line":29,"column":28}},"loc":{"start":{"line":29,"column":70},"end":{"line":38,"column":3}}},"4":{"name":"(anonymous_10)","decl":{"start":{"line":31,"column":38},"end":{"line":31,"column":42}},"loc":{"start":{"line":31,"column":46},"end":{"line":31,"column":64}}}},"branchMap":{"0":{"loc":{"start":{"line":32,"column":4},"end":{"line":37,"column":null}},"type":"if","locations":[{"start":{"line":32,"column":4},"end":{"line":37,"column":null}},{"start":{"line":32,"column":4},"end":{"line":37,"column":null}}]},"1":{"loc":{"start":{"line":34,"column":6},"end":{"line":36,"column":null}},"type":"if","locations":[{"start":{"line":34,"column":6},"end":{"line":36,"column":null}},{"start":{"line":34,"column":6},"end":{"line":36,"column":null}}]}},"s":{"0":1,"1":1,"2":1,"3":1,"4":1,"5":1,"6":1,"7":1,"8":1,"9":2,"10":2,"11":2,"12":2,"13":2,"14":2,"15":2,"16":1,"17":1},"f":{"0":1,"1":1,"2":2,"3":2,"4":2},"b":{"0":[2,0],"1":[1,1]}}
,"/home/hiroki/projects/live-comment/packages/app/src/comment/types.ts": {"path":"/home/hiroki/projects/live-comment/packages/app/src/comment/types.ts","statementMap":{"0":{"start":{"line":1,"column":0},"end":{"line":1,"column":41}},"1":{"start":{"line":30,"column":2},"end":{"line":33,"column":null}},"2":{"start":{"line":28,"column":0},"end":{"line":28,"column":16}}},"fnMap":{"0":{"name":"isPlaySoundMessage","decl":{"start":{"line":28,"column":16},"end":{"line":28,"column":34}},"loc":{"start":{"line":28,"column":47},"end":{"line":34,"column":1}}}},"branchMap":{"0":{"loc":{"start":{"line":30,"column":9},"end":{"line":30,"column":22}},"type":"binary-expr","locations":[{"start":{"line":30,"column":9},"end":{"line":30,"column":22}},{"start":{"line":31,"column":4},"end":{"line":31,"column":22}},{"start":{"line":32,"column":4},"end":{"line":32,"column":28}},{"start":{"line":33,"column":4},"end":{"line":33,"column":30}}]}},"s":{"0":2,"1":4,"2":2},"f":{"0":4},"b":{"0":[4,4,4,3]}}
,"/home/hiroki/projects/live-comment/packages/app/src/comment/webSocketHooks.ts": {"path":"/home/hiroki/projects/live-comment/packages/app/src/comment/webSocketHooks.ts","statementMap":{"0":{"start":{"line":1,"column":0},"end":{"line":1,"column":88}},"1":{"start":{"line":2,"column":0},"end":{"line":2,"column":null}},"2":{"start":{"line":11,"column":0},"end":{"line":11,"column":45}},"3":{"start":{"line":12,"column":0},"end":{"line":12,"column":54}},"4":{"start":{"line":13,"column":0},"end":{"line":13,"column":70}},"5":{"start":{"line":15,"column":12},"end":{"line":15,"column":39}},"6":{"start":{"line":20,"column":2},"end":{"line":33,"column":null}},"7":{"start":{"line":21,"column":4},"end":{"line":21,"column":null}},"8":{"start":{"line":23,"column":18},"end":{"line":23,"column":54}},"9":{"start":{"line":24,"column":4},"end":{"line":26,"column":null}},"10":{"start":{"line":25,"column":6},"end":{"line":25,"column":12}},"11":{"start":{"line":27,"column":4},"end":{"line":27,"column":null}},"12":{"start":{"line":28,"column":33},"end":{"line":31,"column":null}},"13":{"start":{"line":32,"column":4},"end":{"line":32,"column":null}},"14":{"start":{"line":17,"column":0},"end":{"line":17,"column":16}},"15":{"start":{"line":40,"column":2},"end":{"line":51,"column":null}},"16":{"start":{"line":41,"column":4},"end":{"line":50,"column":null}},"17":{"start":{"line":43,"column":8},"end":{"line":43,"column":null}},"18":{"start":{"line":44,"column":8},"end":{"line":44,"column":null}},"19":{"start":{"line":45,"column":8},"end":{"line":45,"column":null}},"20":{"start":{"line":46,"column":8},"end":{"line":46,"column":13}},"21":{"start":{"line":48,"column":8},"end":{"line":48,"column":null}},"22":{"start":{"line":49,"column":8},"end":{"line":49,"column":13}},"23":{"start":{"line":37,"column":0},"end":{"line":37,"column":16}},"24":{"start":{"line":63,"column":21},"end":{"line":63,"column":38}},"25":{"start":{"line":64,"column":2},"end":{"line":114,"column":null}},"26":{"start":{"line":65,"column":4},"end":{"line":65,"column":null}},"27":{"start":{"line":67,"column":18},"end":{"line":67,"column":29}},"28":{"start":{"line":68,"column":21},"end":{"line":68,"column":35}},"29":{"start":{"line":69,"column":4},"end":{"line":108,"column":null}},"30":{"start":{"line":70,"column":22},"end":{"line":70,"column":37}},"31":{"start":{"line":71,"column":21},"end":{"line":71,"column":37}},"32":{"start":{"line":72,"column":6},"end":{"line":74,"column":null}},"33":{"start":{"line":73,"column":8},"end":{"line":73,"column":null}},"34":{"start":{"line":75,"column":18},"end":{"line":75,"column":38}},"35":{"start":{"line":76,"column":6},"end":{"line":76,"column":null}},"36":{"start":{"line":77,"column":11},"end":{"line":108,"column":null}},"37":{"start":{"line":78,"column":6},"end":{"line":78,"column":null}},"38":{"start":{"line":79,"column":18},"end":{"line":79,"column":38}},"39":{"start":{"line":80,"column":6},"end":{"line":86,"column":null}},"40":{"start":{"line":87,"column":11},"end":{"line":108,"column":null}},"41":{"start":{"line":88,"column":6},"end":{"line":88,"column":null}},"42":{"start":{"line":89,"column":24},"end":{"line":89,"column":71}},"43":{"start":{"line":89,"column":48},"end":{"line":89,"column":70}},"44":{"start":{"line":90,"column":6},"end":{"line":92,"column":null}},"45":{"start":{"line":91,"column":8},"end":{"line":91,"column":null}},"46":{"start":{"line":93,"column":11},"end":{"line":108,"column":null}},"47":{"start":{"line":94,"column":6},"end":{"line":103,"column":null}},"48":{"start":{"line":95,"column":29},"end":{"line":95,"column":64}},"49":{"start":{"line":96,"column":8},"end":{"line":100,"column":null}},"50":{"start":{"line":97,"column":10},"end":{"line":97,"column":null}},"51":{"start":{"line":99,"column":10},"end":{"line":99,"column":null}},"52":{"start":{"line":102,"column":8},"end":{"line":102,"column":null}},"53":{"start":{"line":104,"column":6},"end":{"line":104,"column":12}},"54":{"start":{"line":106,"column":6},"end":{"line":106,"column":null}},"55":{"start":{"line":107,"column":6},"end":{"line":107,"column":12}},"56":{"start":{"line":110,"column":4},"end":{"line":110,"column":null}},"57":{"start":{"line":111,"column":4},"end":{"line":113,"column":null}},"58":{"start":{"line":112,"column":6},"end":{"line":112,"column":null}},"59":{"start":{"line":54,"column":0},"end":{"line":54,"column":16}}},"fnMap":{"0":{"name":"useWebSocketOnOpen","decl":{"start":{"line":17,"column":16},"end":{"line":17,"column":34}},"loc":{"start":{"line":18,"column":51},"end":{"line":34,"column":1}}},"1":{"name":"(anonymous_1)","decl":{"start":{"line":20,"column":21},"end":{"line":20,"column":22}},"loc":{"start":{"line":20,"column":53},"end":{"line":33,"column":3}}},"2":{"name":"useWebSocketOnClose","decl":{"start":{"line":37,"column":16},"end":{"line":37,"column":35}},"loc":{"start":{"line":38,"column":51},"end":{"line":52,"column":1}}},"3":{"name":"(anonymous_3)","decl":{"start":{"line":40,"column":21},"end":{"line":40,"column":22}},"loc":{"start":{"line":40,"column":46},"end":{"line":51,"column":3}}},"4":{"name":"useWebSocketOnMessage","decl":{"start":{"line":54,"column":16},"end":{"line":54,"column":37}},"loc":{"start":{"line":61,"column":45},"end":{"line":115,"column":1}}},"5":{"name":"(anonymous_5)","decl":{"start":{"line":64,"column":21},"end":{"line":64,"column":22}},"loc":{"start":{"line":64,"column":48},"end":{"line":114,"column":3}}},"6":{"name":"(anonymous_6)","decl":{"start":{"line":89,"column":40},"end":{"line":89,"column":44}},"loc":{"start":{"line":89,"column":48},"end":{"line":89,"column":70}}}},"branchMap":{"0":{"loc":{"start":{"line":24,"column":4},"end":{"line":26,"column":null}},"type":"if","locations":[{"start":{"line":24,"column":4},"end":{"line":26,"column":null}},{"start":{"line":24,"column":4},"end":{"line":26,"column":null}}]},"1":{"loc":{"start":{"line":42,"column":6},"end":{"line":46,"column":13}},"type":"switch","locations":[{"start":{"line":42,"column":6},"end":{"line":46,"column":13}},{"start":{"line":47,"column":6},"end":{"line":49,"column":13}}]},"2":{"loc":{"start":{"line":69,"column":4},"end":{"line":108,"column":null}},"type":"if","locations":[{"start":{"line":69,"column":4},"end":{"line":108,"column":null}},{"start":{"line":69,"column":4},"end":{"line":108,"column":null}}]},"3":{"loc":{"start":{"line":72,"column":6},"end":{"line":74,"column":null}},"type":"if","locations":[{"start":{"line":72,"column":6},"end":{"line":74,"column":null}},{"start":{"line":72,"column":6},"end":{"line":74,"column":null}}]},"4":{"loc":{"start":{"line":77,"column":11},"end":{"line":108,"column":null}},"type":"if","locations":[{"start":{"line":77,"column":11},"end":{"line":108,"column":null}},{"start":{"line":77,"column":11},"end":{"line":108,"column":null}}]},"5":{"loc":{"start":{"line":87,"column":11},"end":{"line":108,"column":null}},"type":"if","locations":[{"start":{"line":87,"column":11},"end":{"line":108,"column":null}},{"start":{"line":87,"column":11},"end":{"line":108,"column":null}}]},"6":{"loc":{"start":{"line":90,"column":6},"end":{"line":92,"column":null}},"type":"if","locations":[{"start":{"line":90,"column":6},"end":{"line":92,"column":null}},{"start":{"line":90,"column":6},"end":{"line":92,"column":null}}]},"7":{"loc":{"start":{"line":93,"column":11},"end":{"line":108,"column":null}},"type":"if","locations":[{"start":{"line":93,"column":11},"end":{"line":108,"column":null}},{"start":{"line":93,"column":11},"end":{"line":108,"column":null}}]},"8":{"loc":{"start":{"line":94,"column":6},"end":{"line":103,"column":null}},"type":"if","locations":[{"start":{"line":94,"column":6},"end":{"line":103,"column":null}},{"start":{"line":94,"column":6},"end":{"line":103,"column":null}}]},"9":{"loc":{"start":{"line":96,"column":8},"end":{"line":100,"column":null}},"type":"if","locations":[{"start":{"line":96,"column":8},"end":{"line":100,"column":null}},{"start":{"line":96,"column":8},"end":{"line":100,"column":null}}]},"10":{"loc":{"start":{"line":111,"column":4},"end":{"line":113,"column":null}},"type":"if","locations":[{"start":{"line":111,"column":4},"end":{"line":113,"column":null}},{"start":{"line":111,"column":4},"end":{"line":113,"column":null}}]},"11":{"loc":{"start":{"line":111,"column":8},"end":{"line":111,"column":24}},"type":"binary-expr","locations":[{"start":{"line":111,"column":8},"end":{"line":111,"column":24}},{"start":{"line":111,"column":28},"end":{"line":111,"column":49}},{"start":{"line":111,"column":53},"end":{"line":111,"column":78}}]}},"s":{"0":1,"1":1,"2":1,"3":1,"4":1,"5":1,"6":2,"7":2,"8":2,"9":2,"10":1,"11":1,"12":1,"13":1,"14":1,"15":2,"16":2,"17":1,"18":1,"19":1,"20":1,"21":1,"22":1,"23":1,"24":6,"25":6,"26":6,"27":6,"28":6,"29":6,"30":3,"31":3,"32":3,"33":1,"34":3,"35":3,"36":3,"37":1,"38":1,"39":1,"40":2,"41":1,"42":1,"43":1,"44":1,"45":1,"46":1,"47":0,"48":0,"49":0,"50":0,"51":0,"52":0,"53":0,"54":1,"55":1,"56":5,"57":5,"58":1,"59":1},"f":{"0":2,"1":2,"2":2,"3":2,"4":6,"5":6,"6":1},"b":{"0":[1,1],"1":[1,1],"2":[3,3],"3":[1,2],"4":[1,2],"5":[1,1],"6":[1,0],"7":[0,1],"8":[0,0],"9":[0,0],"10":[1,4],"11":[5,1,1]}}
,"/home/hiroki/projects/live-comment/packages/app/src/comment/sound/NoteBlack.tsx": {"path":"/home/hiroki/projects/live-comment/packages/app/src/comment/sound/NoteBlack.tsx","statementMap":{"0":{"start":{"line":3,"column":29},"end":{"line":10,"column":null}},"1":{"start":{"line":4,"column":2},"end":{"line":9,"column":null}},"2":{"start":{"line":3,"column":13},"end":{"line":3,"column":29}}},"fnMap":{"0":{"name":"(anonymous_0)","decl":{"start":{"line":3,"column":29},"end":{"line":3,"column":45}},"loc":{"start":{"line":4,"column":2},"end":{"line":9,"column":null}}}},"branchMap":{},"s":{"0":1,"1":5,"2":1},"f":{"0":5},"b":{}}
,"/home/hiroki/projects/live-comment/packages/app/src/comment/sound/SoundPlayer.tsx": {"path":"/home/hiroki/projects/live-comment/packages/app/src/comment/sound/SoundPlayer.tsx","statementMap":{"0":{"start":{"line":1,"column":0},"end":{"line":1,"column":105}},"1":{"start":{"line":2,"column":0},"end":{"line":2,"column":47}},"2":{"start":{"line":3,"column":0},"end":{"line":3,"column":43}},"3":{"start":{"line":4,"column":0},"end":{"line":4,"column":89}},"4":{"start":{"line":5,"column":0},"end":{"line":5,"column":63}},"5":{"start":{"line":6,"column":0},"end":{"line":6,"column":41}},"6":{"start":{"line":7,"column":0},"end":{"line":7,"column":73}},"7":{"start":{"line":8,"column":0},"end":{"line":8,"column":39}},"8":{"start":{"line":14,"column":20},"end":{"line":17,"column":null}},"9":{"start":{"line":20,"column":18},"end":{"line":47,"column":2}},"10":{"start":{"line":49,"column":12},"end":{"line":49,"column":42}},"11":{"start":{"line":54,"column":12},"end":{"line":54,"column":44}},"12":{"start":{"line":55,"column":2},"end":{"line":55,"column":null}},"13":{"start":{"line":59,"column":2},"end":{"line":59,"column":null}},"14":{"start":{"line":62,"column":38},"end":{"line":179,"column":1}},"15":{"start":{"line":63,"column":16},"end":{"line":63,"column":26}},"16":{"start":{"line":64,"column":23},"end":{"line":64,"column":76}},"17":{"start":{"line":65,"column":28},"end":{"line":65,"column":55}},"18":{"start":{"line":66,"column":30},"end":{"line":66,"column":74}},"19":{"start":{"line":67,"column":48},"end":{"line":67,"column":100}},"20":{"start":{"line":68,"column":22},"end":{"line":68,"column":31}},"21":{"start":{"line":69,"column":19},"end":{"line":69,"column":69}},"22":{"start":{"line":70,"column":20},"end":{"line":70,"column":52}},"23":{"start":{"line":71,"column":16},"end":{"line":71,"column":27}},"24":{"start":{"line":72,"column":22},"end":{"line":75,"column":8}},"25":{"start":{"line":73,"column":38},"end":{"line":73,"column":76}},"26":{"start":{"line":74,"column":4},"end":{"line":74,"column":null}},"27":{"start":{"line":76,"column":2},"end":{"line":85,"column":null}},"28":{"start":{"line":77,"column":27},"end":{"line":79,"column":5}},"29":{"start":{"line":78,"column":6},"end":{"line":78,"column":null}},"30":{"start":{"line":80,"column":4},"end":{"line":80,"column":null}},"31":{"start":{"line":82,"column":4},"end":{"line":84,"column":null}},"32":{"start":{"line":83,"column":6},"end":{"line":83,"column":null}},"33":{"start":{"line":86,"column":2},"end":{"line":106,"column":null}},"34":{"start":{"line":87,"column":28},"end":{"line":100,"column":5}},"35":{"start":{"line":88,"column":6},"end":{"line":91,"column":null}},"36":{"start":{"line":89,"column":8},"end":{"line":89,"column":null}},"37":{"start":{"line":90,"column":8},"end":{"line":90,"column":14}},"38":{"start":{"line":92,"column":6},"end":{"line":95,"column":null}},"39":{"start":{"line":93,"column":8},"end":{"line":93,"column":null}},"40":{"start":{"line":94,"column":8},"end":{"line":94,"column":14}},"41":{"start":{"line":96,"column":6},"end":{"line":99,"column":null}},"42":{"start":{"line":97,"column":8},"end":{"line":97,"column":null}},"43":{"start":{"line":98,"column":8},"end":{"line":98,"column":null}},"44":{"start":{"line":98,"column":45},"end":{"line":98,"column":67}},"45":{"start":{"line":101,"column":4},"end":{"line":101,"column":null}},"46":{"start":{"line":103,"column":4},"end":{"line":105,"column":null}},"47":{"start":{"line":104,"column":6},"end":{"line":104,"column":null}},"48":{"start":{"line":107,"column":26},"end":{"line":111,"column":8}},"49":{"start":{"line":108,"column":14},"end":{"line":108,"column":53}},"50":{"start":{"line":109,"column":4},"end":{"line":109,"column":null}},"51":{"start":{"line":110,"column":4},"end":{"line":110,"column":null}},"52":{"start":{"line":112,"column":35},"end":{"line":116,"column":8}},"53":{"start":{"line":113,"column":14},"end":{"line":113,"column":36}},"54":{"start":{"line":114,"column":4},"end":{"line":114,"column":null}},"55":{"start":{"line":115,"column":4},"end":{"line":115,"column":null}},"56":{"start":{"line":118,"column":13},"end":{"line":130,"column":13}},"57":{"start":{"line":119,"column":17},"end":{"line":123,"column":15}},"58":{"start":{"line":124,"column":4},"end":{"line":124,"column":null}},"59":{"start":{"line":125,"column":4},"end":{"line":129,"column":null}},"60":{"start":{"line":132,"column":2},"end":{"line":178,"column":null}},"61":{"start":{"line":151,"column":56},"end":{"line":151,"column":90}},"62":{"start":{"line":159,"column":14},"end":{"line":159,"column":35}},"63":{"start":{"line":163,"column":34},"end":{"line":163,"column":58}},"64":{"start":{"line":62,"column":13},"end":{"line":62,"column":38}}},"fnMap":{"0":{"name":"getNumberOptionValue","decl":{"start":{"line":53,"column":9},"end":{"line":53,"column":29}},"loc":{"start":{"line":53,"column":66},"end":{"line":56,"column":1}}},"1":{"name":"setNumberOptionValue","decl":{"start":{"line":58,"column":9},"end":{"line":58,"column":29}},"loc":{"start":{"line":58,"column":59},"end":{"line":60,"column":1}}},"2":{"name":"(anonymous_3)","decl":{"start":{"line":62,"column":38},"end":{"line":62,"column":39}},"loc":{"start":{"line":62,"column":70},"end":{"line":179,"column":1}}},"3":{"name":"(anonymous_4)","decl":{"start":{"line":72,"column":34},"end":{"line":72,"column":35}},"loc":{"start":{"line":72,"column":90},"end":{"line":75,"column":3}}},"4":{"name":"(anonymous_5)","decl":{"start":{"line":76,"column":12},"end":{"line":76,"column":29}},"loc":{"start":{"line":76,"column":31},"end":{"line":85,"column":3}}},"5":{"name":"(anonymous_6)","decl":{"start":{"line":77,"column":27},"end":{"line":77,"column":36}},"loc":{"start":{"line":77,"column":38},"end":{"line":79,"column":5}}},"6":{"name":"(anonymous_7)","decl":{"start":{"line":82,"column":11},"end":{"line":82,"column":20}},"loc":{"start":{"line":82,"column":22},"end":{"line":84,"column":5}}},"7":{"name":"(anonymous_8)","decl":{"start":{"line":86,"column":12},"end":{"line":86,"column":29}},"loc":{"start":{"line":86,"column":31},"end":{"line":106,"column":3}}},"8":{"name":"(anonymous_9)","decl":{"start":{"line":87,"column":28},"end":{"line":87,"column":29}},"loc":{"start":{"line":87,"column":72},"end":{"line":100,"column":5}}},"9":{"name":"(anonymous_10)","decl":{"start":{"line":98,"column":37},"end":{"line":98,"column":40}},"loc":{"start":{"line":98,"column":42},"end":{"line":98,"column":68}}},"10":{"name":"(anonymous_11)","decl":{"start":{"line":103,"column":11},"end":{"line":103,"column":20}},"loc":{"start":{"line":103,"column":22},"end":{"line":105,"column":5}}},"11":{"name":"(anonymous_12)","decl":{"start":{"line":107,"column":38},"end":{"line":107,"column":39}},"loc":{"start":{"line":107,"column":83},"end":{"line":111,"column":3}}},"12":{"name":"(anonymous_13)","decl":{"start":{"line":112,"column":47},"end":{"line":112,"column":48}},"loc":{"start":{"line":112,"column":86},"end":{"line":116,"column":3}}},"13":{"name":"(anonymous_14)","decl":{"start":{"line":118,"column":21},"end":{"line":118,"column":44}},"loc":{"start":{"line":118,"column":46},"end":{"line":130,"column":3}}},"14":{"name":"(anonymous_15)","decl":{"start":{"line":151,"column":51},"end":{"line":151,"column":52}},"loc":{"start":{"line":151,"column":56},"end":{"line":151,"column":90}}},"15":{"name":"(anonymous_16)","decl":{"start":{"line":158,"column":48},"end":{"line":158,"column":49}},"loc":{"start":{"line":159,"column":14},"end":{"line":159,"column":35}}},"16":{"name":"(anonymous_17)","decl":{"start":{"line":163,"column":29},"end":{"line":163,"column":30}},"loc":{"start":{"line":163,"column":34},"end":{"line":163,"column":58}}}},"branchMap":{"0":{"loc":{"start":{"line":55,"column":22},"end":{"line":55,"column":31}},"type":"cond-expr","locations":[{"start":{"line":55,"column":22},"end":{"line":55,"column":31}},{"start":{"line":55,"column":34},"end":{"line":55,"column":46}}]},"1":{"loc":{"start":{"line":88,"column":6},"end":{"line":91,"column":null}},"type":"if","locations":[{"start":{"line":88,"column":6},"end":{"line":91,"column":null}},{"start":{"line":88,"column":6},"end":{"line":91,"column":null}}]},"2":{"loc":{"start":{"line":92,"column":6},"end":{"line":95,"column":null}},"type":"if","locations":[{"start":{"line":92,"column":6},"end":{"line":95,"column":null}},{"start":{"line":92,"column":6},"end":{"line":95,"column":null}}]},"3":{"loc":{"start":{"line":96,"column":6},"end":{"line":99,"column":null}},"type":"if","locations":[{"start":{"line":96,"column":6},"end":{"line":99,"column":null}},{"start":{"line":96,"column":6},"end":{"line":99,"column":null}}]},"4":{"loc":{"start":{"line":108,"column":37},"end":{"line":108,"column":45}},"type":"cond-expr","locations":[{"start":{"line":108,"column":37},"end":{"line":108,"column":45}},{"start":{"line":108,"column":48},"end":{"line":108,"column":53}}]},"5":{"loc":{"start":{"line":119,"column":32},"end":{"line":119,"column":33}},"type":"cond-expr","locations":[{"start":{"line":119,"column":32},"end":{"line":119,"column":33}},{"start":{"line":120,"column":8},"end":{"line":123,"column":15}}]},"6":{"loc":{"start":{"line":120,"column":23},"end":{"line":120,"column":24}},"type":"cond-expr","locations":[{"start":{"line":120,"column":23},"end":{"line":120,"column":24}},{"start":{"line":121,"column":10},"end":{"line":123,"column":15}}]},"7":{"loc":{"start":{"line":121,"column":25},"end":{"line":121,"column":26}},"type":"cond-expr","locations":[{"start":{"line":121,"column":25},"end":{"line":121,"column":26}},{"start":{"line":122,"column":12},"end":{"line":123,"column":15}}]},"8":{"loc":{"start":{"line":122,"column":28},"end":{"line":122,"column":29}},"type":"cond-expr","locations":[{"start":{"line":122,"column":28},"end":{"line":122,"column":29}},{"start":{"line":123,"column":14},"end":{"line":123,"column":15}}]},"9":{"loc":{"start":{"line":125,"column":24},"end":{"line":125,"column":26}},"type":"cond-expr","locations":[{"start":{"line":125,"column":24},"end":{"line":125,"column":26}},{"start":{"line":126,"column":8},"end":{"line":129,"column":15}}]},"10":{"loc":{"start":{"line":126,"column":21},"end":{"line":126,"column":22}},"type":"cond-expr","locations":[{"start":{"line":126,"column":21},"end":{"line":126,"column":22}},{"start":{"line":127,"column":10},"end":{"line":129,"column":15}}]},"11":{"loc":{"start":{"line":127,"column":23},"end":{"line":127,"column":24}},"type":"cond-expr","locations":[{"start":{"line":127,"column":23},"end":{"line":127,"column":24}},{"start":{"line":128,"column":12},"end":{"line":129,"column":15}}]},"12":{"loc":{"start":{"line":128,"column":25},"end":{"line":128,"column":26}},"type":"cond-expr","locations":[{"start":{"line":128,"column":25},"end":{"line":128,"column":26}},{"start":{"line":129,"column":14},"end":{"line":129,"column":15}}]},"13":{"loc":{"start":{"line":158,"column":12},"end":{"line":158,"column":18}},"type":"binary-expr","locations":[{"start":{"line":158,"column":12},"end":{"line":158,"column":18}},{"start":{"line":158,"column":22},"end":{"line":173,"column":14}}]}},"s":{"0":1,"1":1,"2":1,"3":1,"4":1,"5":1,"6":1,"7":1,"8":1,"9":1,"10":1,"11":12,"12":12,"13":2,"14":1,"15":6,"16":6,"17":6,"18":6,"19":6,"20":6,"21":6,"22":6,"23":6,"24":6,"25":1,"26":1,"27":6,"28":4,"29":0,"30":4,"31":4,"32":4,"33":6,"34":6,"35":3,"36":0,"37":0,"38":3,"39":0,"40":0,"41":3,"42":2,"43":2,"44":0,"45":6,"46":6,"47":6,"48":6,"49":1,"50":1,"51":1,"52":6,"53":1,"54":1,"55":1,"56":6,"57":4,"58":4,"59":4,"60":6,"61":48,"62":5,"63":1,"64":1},"f":{"0":12,"1":2,"2":6,"3":1,"4":4,"5":0,"6":4,"7":6,"8":3,"9":0,"10":6,"11":1,"12":1,"13":4,"14":48,"15":5,"16":1},"b":{"0":[2,10],"1":[0,3],"2":[0,3],"3":[2,1],"4":[0,1],"5":[0,4],"6":[0,4],"7":[0,4],"8":[0,4],"9":[0,4],"10":[0,4],"11":[0,4],"12":[0,4],"13":[6,5]}}
,"/home/hiroki/projects/live-comment/packages/app/src/comment/sound/db.ts": {"path":"/home/hiroki/projects/live-comment/packages/app/src/comment/sound/db.ts","statementMap":{"0":{"start":{"line":1,"column":0},"end":{"line":1,"column":43}},"1":{"start":{"line":3,"column":23},"end":{"line":3,"column":38}},"2":{"start":{"line":4,"column":19},"end":{"line":4,"column":20}},"3":{"start":{"line":5,"column":19},"end":{"line":8,"column":null}},"4":{"start":{"line":11,"column":12},"end":{"line":11,"column":33}},"5":{"start":{"line":14,"column":2},"end":{"line":31,"column":null}},"6":{"start":{"line":16,"column":21},"end":{"line":16,"column":42}},"7":{"start":{"line":17,"column":18},"end":{"line":17,"column":52}},"8":{"start":{"line":18,"column":6},"end":{"line":23,"column":null}},"9":{"start":{"line":19,"column":8},"end":{"line":19,"column":null}},"10":{"start":{"line":20,"column":8},"end":{"line":22,"column":null}},"11":{"start":{"line":21,"column":10},"end":{"line":21,"column":null}},"12":{"start":{"line":24,"column":6},"end":{"line":26,"column":null}},"13":{"start":{"line":25,"column":8},"end":{"line":25,"column":null}},"14":{"start":{"line":27,"column":6},"end":{"line":29,"column":null}},"15":{"start":{"line":28,"column":8},"end":{"line":28,"column":null}},"16":{"start":{"line":35,"column":13},"end":{"line":35,"column":31}},"17":{"start":{"line":36,"column":2},"end":{"line":50,"column":null}},"18":{"start":{"line":37,"column":16},"end":{"line":37,"column":86}},"19":{"start":{"line":38,"column":4},"end":{"line":41,"column":null}},"20":{"start":{"line":39,"column":6},"end":{"line":39,"column":null}},"21":{"start":{"line":40,"column":6},"end":{"line":40,"column":12}},"22":{"start":{"line":42,"column":4},"end":{"line":45,"column":null}},"23":{"start":{"line":43,"column":6},"end":{"line":43,"column":null}},"24":{"start":{"line":44,"column":6},"end":{"line":44,"column":null}},"25":{"start":{"line":46,"column":4},"end":{"line":49,"column":null}},"26":{"start":{"line":47,"column":6},"end":{"line":47,"column":null}},"27":{"start":{"line":48,"column":6},"end":{"line":48,"column":null}},"28":{"start":{"line":34,"column":0},"end":{"line":34,"column":7}},"29":{"start":{"line":58,"column":13},"end":{"line":58,"column":31}},"30":{"start":{"line":59,"column":2},"end":{"line":88,"column":null}},"31":{"start":{"line":60,"column":16},"end":{"line":60,"column":91}},"32":{"start":{"line":61,"column":4},"end":{"line":64,"column":null}},"33":{"start":{"line":62,"column":6},"end":{"line":62,"column":null}},"34":{"start":{"line":63,"column":6},"end":{"line":63,"column":12}},"35":{"start":{"line":65,"column":24},"end":{"line":65,"column":26}},"36":{"start":{"line":66,"column":4},"end":{"line":87,"column":null}},"37":{"start":{"line":67,"column":21},"end":{"line":67,"column":32}},"38":{"start":{"line":68,"column":6},"end":{"line":72,"column":null}},"39":{"start":{"line":69,"column":8},"end":{"line":69,"column":null}},"40":{"start":{"line":70,"column":8},"end":{"line":70,"column":null}},"41":{"start":{"line":71,"column":8},"end":{"line":71,"column":14}},"42":{"start":{"line":73,"column":6},"end":{"line":76,"column":null}},"43":{"start":{"line":74,"column":8},"end":{"line":74,"column":null}},"44":{"start":{"line":75,"column":8},"end":{"line":75,"column":14}},"45":{"start":{"line":77,"column":6},"end":{"line":86,"column":null}},"46":{"start":{"line":78,"column":22},"end":{"line":78,"column":62}},"47":{"start":{"line":79,"column":8},"end":{"line":79,"column":null}},"48":{"start":{"line":80,"column":8},"end":{"line":82,"column":null}},"49":{"start":{"line":81,"column":10},"end":{"line":81,"column":null}},"50":{"start":{"line":83,"column":8},"end":{"line":83,"column":null}},"51":{"start":{"line":85,"column":8},"end":{"line":85,"column":null}},"52":{"start":{"line":53,"column":0},"end":{"line":53,"column":7}},"53":{"start":{"line":105,"column":13},"end":{"line":105,"column":31}},"54":{"start":{"line":106,"column":13},"end":{"line":106,"column":52}},"55":{"start":{"line":107,"column":49},"end":{"line":107,"column":58}},"56":{"start":{"line":108,"column":2},"end":{"line":110,"column":null}},"57":{"start":{"line":109,"column":4},"end":{"line":109,"column":null}},"58":{"start":{"line":111,"column":2},"end":{"line":138,"column":null}},"59":{"start":{"line":112,"column":4},"end":{"line":131,"column":null}},"60":{"start":{"line":114,"column":22},"end":{"line":114,"column":43}},"61":{"start":{"line":115,"column":8},"end":{"line":117,"column":null}},"62":{"start":{"line":116,"column":10},"end":{"line":116,"column":null}},"63":{"start":{"line":118,"column":8},"end":{"line":118,"column":null}},"64":{"start":{"line":121,"column":22},"end":{"line":121,"column":43}},"65":{"start":{"line":122,"column":8},"end":{"line":124,"column":null}},"66":{"start":{"line":123,"column":10},"end":{"line":123,"column":null}},"67":{"start":{"line":125,"column":8},"end":{"line":125,"column":null}},"68":{"start":{"line":128,"column":22},"end":{"line":128,"column":33}},"69":{"start":{"line":129,"column":21},"end":{"line":129,"column":31}},"70":{"start":{"line":132,"column":4},"end":{"line":132,"column":null}},"71":{"start":{"line":134,"column":4},"end":{"line":134,"column":null}},"72":{"start":{"line":135,"column":4},"end":{"line":135,"column":null}},"73":{"start":{"line":137,"column":4},"end":{"line":137,"column":null}},"74":{"start":{"line":100,"column":0},"end":{"line":100,"column":7}}},"fnMap":{"0":{"name":"open","decl":{"start":{"line":13,"column":9},"end":{"line":13,"column":13}},"loc":{"start":{"line":13,"column":26},"end":{"line":32,"column":1}}},"1":{"name":"(anonymous_1)","decl":{"start":{"line":15,"column":4},"end":{"line":15,"column":5}},"loc":{"start":{"line":15,"column":78},"end":{"line":30,"column":5}}},"2":{"name":"(anonymous_2)","decl":{"start":{"line":18,"column":44},"end":{"line":18,"column":77}},"loc":{"start":{"line":18,"column":101},"end":{"line":23,"column":7}}},"3":{"name":"(anonymous_3)","decl":{"start":{"line":24,"column":38},"end":{"line":24,"column":null}},"loc":{"start":{"line":24,"column":38},"end":{"line":26,"column":7}}},"4":{"name":"(anonymous_4)","decl":{"start":{"line":27,"column":36},"end":{"line":27,"column":null}},"loc":{"start":{"line":27,"column":36},"end":{"line":29,"column":7}}},"5":{"name":"get","decl":{"start":{"line":34,"column":22},"end":{"line":34,"column":25}},"loc":{"start":{"line":34,"column":77},"end":{"line":51,"column":1}}},"6":{"name":"(anonymous_6)","decl":{"start":{"line":36,"column":31},"end":{"line":36,"column":32}},"loc":{"start":{"line":36,"column":107},"end":{"line":50,"column":3}}},"7":{"name":"(anonymous_7)","decl":{"start":{"line":42,"column":36},"end":{"line":42,"column":null}},"loc":{"start":{"line":42,"column":36},"end":{"line":45,"column":5}}},"8":{"name":"(anonymous_8)","decl":{"start":{"line":46,"column":34},"end":{"line":46,"column":null}},"loc":{"start":{"line":46,"column":34},"end":{"line":49,"column":5}}},"9":{"name":"getAll","decl":{"start":{"line":53,"column":22},"end":{"line":53,"column":28}},"loc":{"start":{"line":56,"column":57},"end":{"line":89,"column":1}}},"10":{"name":"(anonymous_10)","decl":{"start":{"line":59,"column":26},"end":{"line":59,"column":27}},"loc":{"start":{"line":59,"column":97},"end":{"line":88,"column":3}}},"11":{"name":"(anonymous_11)","decl":{"start":{"line":66,"column":36},"end":{"line":66,"column":null}},"loc":{"start":{"line":66,"column":36},"end":{"line":87,"column":5}}},"12":{"name":"update","decl":{"start":{"line":100,"column":22},"end":{"line":100,"column":28}},"loc":{"start":{"line":103,"column":39},"end":{"line":139,"column":1}}},"13":{"name":"(anonymous_13)","decl":{"start":{"line":113,"column":11},"end":{"line":113,"column":12}},"loc":{"start":{"line":113,"column":70},"end":{"line":119,"column":7}}},"14":{"name":"(anonymous_14)","decl":{"start":{"line":120,"column":13},"end":{"line":120,"column":14}},"loc":{"start":{"line":120,"column":44},"end":{"line":126,"column":7}}},"15":{"name":"(anonymous_15)","decl":{"start":{"line":128,"column":16},"end":{"line":128,"column":19}},"loc":{"start":{"line":128,"column":22},"end":{"line":128,"column":33}}},"16":{"name":"(anonymous_16)","decl":{"start":{"line":129,"column":15},"end":{"line":129,"column":18}},"loc":{"start":{"line":129,"column":21},"end":{"line":129,"column":31}}}},"branchMap":{"0":{"loc":{"start":{"line":38,"column":4},"end":{"line":41,"column":null}},"type":"if","locations":[{"start":{"line":38,"column":4},"end":{"line":41,"column":null}},{"start":{"line":38,"column":4},"end":{"line":41,"column":null}}]},"1":{"loc":{"start":{"line":43,"column":14},"end":{"line":43,"column":32}},"type":"binary-expr","locations":[{"start":{"line":43,"column":14},"end":{"line":43,"column":32}},{"start":{"line":43,"column":36},"end":{"line":43,"column":40}}]},"2":{"loc":{"start":{"line":61,"column":4},"end":{"line":64,"column":null}},"type":"if","locations":[{"start":{"line":61,"column":4},"end":{"line":64,"column":null}},{"start":{"line":61,"column":4},"end":{"line":64,"column":null}}]},"3":{"loc":{"start":{"line":68,"column":6},"end":{"line":72,"column":null}},"type":"if","locations":[{"start":{"line":68,"column":6},"end":{"line":72,"column":null}},{"start":{"line":68,"column":6},"end":{"line":72,"column":null}}]},"4":{"loc":{"start":{"line":73,"column":6},"end":{"line":76,"column":null}},"type":"if","locations":[{"start":{"line":73,"column":6},"end":{"line":76,"column":null}},{"start":{"line":73,"column":6},"end":{"line":76,"column":null}}]},"5":{"loc":{"start":{"line":80,"column":8},"end":{"line":82,"column":null}},"type":"if","locations":[{"start":{"line":80,"column":8},"end":{"line":82,"column":null}},{"start":{"line":80,"column":8},"end":{"line":82,"column":null}}]},"6":{"loc":{"start":{"line":115,"column":8},"end":{"line":117,"column":null}},"type":"if","locations":[{"start":{"line":115,"column":8},"end":{"line":117,"column":null}},{"start":{"line":115,"column":8},"end":{"line":117,"column":null}}]},"7":{"loc":{"start":{"line":122,"column":8},"end":{"line":124,"column":null}},"type":"if","locations":[{"start":{"line":122,"column":8},"end":{"line":124,"column":null}},{"start":{"line":122,"column":8},"end":{"line":124,"column":null}}]}},"s":{"0":2,"1":2,"2":2,"3":2,"4":2,"5":0,"6":0,"7":0,"8":0,"9":0,"10":0,"11":0,"12":0,"13":0,"14":0,"15":0,"16":0,"17":0,"18":0,"19":0,"20":0,"21":0,"22":0,"23":0,"24":0,"25":0,"26":0,"27":0,"28":2,"29":0,"30":0,"31":0,"32":0,"33":0,"34":0,"35":0,"36":0,"37":0,"38":0,"39":0,"40":0,"41":0,"42":0,"43":0,"44":0,"45":0,"46":0,"47":0,"48":0,"49":0,"50":0,"51":0,"52":2,"53":0,"54":0,"55":0,"56":0,"57":0,"58":0,"59":0,"60":0,"61":0,"62":0,"63":0,"64":0,"65":0,"66":0,"67":0,"68":0,"69":0,"70":0,"71":0,"72":0,"73":0,"74":2},"f":{"0":0,"1":0,"2":0,"3":0,"4":0,"5":0,"6":0,"7":0,"8":0,"9":0,"10":0,"11":0,"12":0,"13":0,"14":0,"15":0,"16":0},"b":{"0":[0,0],"1":[0,0],"2":[0,0],"3":[0,0],"4":[0,0],"5":[0,0],"6":[0,0],"7":[0,0]}}
,"/home/hiroki/projects/live-comment/packages/app/src/comment/sound/hooks.ts": {"path":"/home/hiroki/projects/live-comment/packages/app/src/comment/sound/hooks.ts","statementMap":{"0":{"start":{"line":1,"column":0},"end":{"line":1,"column":59}},"1":{"start":{"line":2,"column":0},"end":{"line":2,"column":43}},"2":{"start":{"line":3,"column":0},"end":{"line":3,"column":58}},"3":{"start":{"line":4,"column":0},"end":{"line":4,"column":28}},"4":{"start":{"line":5,"column":0},"end":{"line":5,"column":56}},"5":{"start":{"line":7,"column":24},"end":{"line":7,"column":37}},"6":{"start":{"line":8,"column":27},"end":{"line":8,"column":44}},"7":{"start":{"line":9,"column":22},"end":{"line":9,"column":37}},"8":{"start":{"line":10,"column":17},"end":{"line":10,"column":27}},"9":{"start":{"line":11,"column":26},"end":{"line":11,"column":42}},"10":{"start":{"line":45,"column":12},"end":{"line":45,"column":36}},"11":{"start":{"line":48,"column":2},"end":{"line":51,"column":null}},"12":{"start":{"line":55,"column":2},"end":{"line":63,"column":null}},"13":{"start":{"line":56,"column":4},"end":{"line":58,"column":null}},"14":{"start":{"line":57,"column":6},"end":{"line":57,"column":null}},"15":{"start":{"line":59,"column":4},"end":{"line":61,"column":null}},"16":{"start":{"line":60,"column":6},"end":{"line":60,"column":null}},"17":{"start":{"line":62,"column":4},"end":{"line":62,"column":null}},"18":{"start":{"line":64,"column":2},"end":{"line":66,"column":null}},"19":{"start":{"line":65,"column":4},"end":{"line":65,"column":null}},"20":{"start":{"line":67,"column":2},"end":{"line":71,"column":null}},"21":{"start":{"line":68,"column":12},"end":{"line":68,"column":null}},"22":{"start":{"line":69,"column":12},"end":{"line":69,"column":null}},"23":{"start":{"line":70,"column":12},"end":{"line":70,"column":null}},"24":{"start":{"line":75,"column":2},"end":{"line":79,"column":null}},"25":{"start":{"line":76,"column":4},"end":{"line":78,"column":null}},"26":{"start":{"line":77,"column":6},"end":{"line":77,"column":null}},"27":{"start":{"line":80,"column":2},"end":{"line":80,"column":null}},"28":{"start":{"line":88,"column":2},"end":{"line":88,"column":null}},"29":{"start":{"line":90,"column":19},"end":{"line":104,"column":4}},"30":{"start":{"line":103,"column":4},"end":{"line":103,"column":null}},"31":{"start":{"line":105,"column":2},"end":{"line":111,"column":null}},"32":{"start":{"line":106,"column":4},"end":{"line":110,"column":null}},"33":{"start":{"line":112,"column":25},"end":{"line":112,"column":75}},"34":{"start":{"line":113,"column":2},"end":{"line":117,"column":null}},"35":{"start":{"line":121,"column":18},"end":{"line":135,"column":4}},"36":{"start":{"line":134,"column":4},"end":{"line":134,"column":null}},"37":{"start":{"line":136,"column":2},"end":{"line":138,"column":null}},"38":{"start":{"line":137,"column":4},"end":{"line":137,"column":null}},"39":{"start":{"line":140,"column":20},"end":{"line":140,"column":47}},"40":{"start":{"line":141,"column":18},"end":{"line":141,"column":43}},"41":{"start":{"line":142,"column":16},"end":{"line":142,"column":39}},"42":{"start":{"line":143,"column":22},"end":{"line":143,"column":39}},"43":{"start":{"line":144,"column":34},"end":{"line":144,"column":97}},"44":{"start":{"line":145,"column":2},"end":{"line":145,"column":null}},"45":{"start":{"line":146,"column":22},"end":{"line":150,"column":null}},"46":{"start":{"line":149,"column":19},"end":{"line":149,"column":29}},"47":{"start":{"line":150,"column":16},"end":{"line":150,"column":27}},"48":{"start":{"line":152,"column":2},"end":{"line":175,"column":null}},"49":{"start":{"line":153,"column":4},"end":{"line":153,"column":null}},"50":{"start":{"line":154,"column":4},"end":{"line":154,"column":null}},"51":{"start":{"line":156,"column":4},"end":{"line":156,"column":null}},"52":{"start":{"line":157,"column":4},"end":{"line":174,"column":null}},"53":{"start":{"line":158,"column":17},"end":{"line":158,"column":47}},"54":{"start":{"line":159,"column":6},"end":{"line":161,"column":null}},"55":{"start":{"line":160,"column":8},"end":{"line":160,"column":16}},"56":{"start":{"line":162,"column":30},"end":{"line":162,"column":55}},"57":{"start":{"line":163,"column":6},"end":{"line":165,"column":null}},"58":{"start":{"line":164,"column":8},"end":{"line":164,"column":16}},"59":{"start":{"line":166,"column":19},"end":{"line":166,"column":45}},"60":{"start":{"line":167,"column":26},"end":{"line":167,"column":59}},"61":{"start":{"line":168,"column":22},"end":{"line":168,"column":53}},"62":{"start":{"line":170,"column":49},"end":{"line":170,"column":73}},"63":{"start":{"line":171,"column":6},"end":{"line":171,"column":null}},"64":{"start":{"line":172,"column":33},"end":{"line":172,"column":41}},"65":{"start":{"line":173,"column":6},"end":{"line":173,"column":null}},"66":{"start":{"line":179,"column":42},"end":{"line":179,"column":57}},"67":{"start":{"line":181,"column":2},"end":{"line":202,"column":null}},"68":{"start":{"line":182,"column":4},"end":{"line":182,"column":null}},"69":{"start":{"line":183,"column":4},"end":{"line":185,"column":null}},"70":{"start":{"line":184,"column":6},"end":{"line":184,"column":12}},"71":{"start":{"line":187,"column":26},"end":{"line":187,"column":49}},"72":{"start":{"line":188,"column":4},"end":{"line":201,"column":null}},"73":{"start":{"line":189,"column":6},"end":{"line":191,"column":null}},"74":{"start":{"line":190,"column":8},"end":{"line":190,"column":null}},"75":{"start":{"line":192,"column":6},"end":{"line":194,"column":null}},"76":{"start":{"line":193,"column":71},"end":{"line":193,"column":75}},"77":{"start":{"line":196,"column":6},"end":{"line":198,"column":null}},"78":{"start":{"line":197,"column":8},"end":{"line":197,"column":null}},"79":{"start":{"line":200,"column":6},"end":{"line":200,"column":null}},"80":{"start":{"line":204,"column":2},"end":{"line":204,"column":null}},"81":{"start":{"line":178,"column":0},"end":{"line":178,"column":16}},"82":{"start":{"line":212,"column":30},"end":{"line":212,"column":80}},"83":{"start":{"line":213,"column":34},"end":{"line":213,"column":77}},"84":{"start":{"line":215,"column":2},"end":{"line":256,"column":null}},"85":{"start":{"line":216,"column":4},"end":{"line":216,"column":null}},"86":{"start":{"line":217,"column":4},"end":{"line":217,"column":null}},"87":{"start":{"line":218,"column":4},"end":{"line":220,"column":null}},"88":{"start":{"line":219,"column":6},"end":{"line":219,"column":12}},"89":{"start":{"line":222,"column":4},"end":{"line":255,"column":null}},"90":{"start":{"line":223,"column":6},"end":{"line":223,"column":null}},"91":{"start":{"line":224,"column":6},"end":{"line":226,"column":null}},"92":{"start":{"line":225,"column":8},"end":{"line":225,"column":14}},"93":{"start":{"line":227,"column":26},"end":{"line":227,"column":43}},"94":{"start":{"line":228,"column":18},"end":{"line":228,"column":31}},"95":{"start":{"line":229,"column":32},"end":{"line":229,"column":34}},"96":{"start":{"line":230,"column":6},"end":{"line":238,"column":null}},"97":{"start":{"line":231,"column":8},"end":{"line":237,"column":null}},"98":{"start":{"line":232,"column":10},"end":{"line":232,"column":null}},"99":{"start":{"line":233,"column":15},"end":{"line":237,"column":null}},"100":{"start":{"line":234,"column":10},"end":{"line":236,"column":null}},"101":{"start":{"line":235,"column":12},"end":{"line":235,"column":null}},"102":{"start":{"line":239,"column":6},"end":{"line":241,"column":null}},"103":{"start":{"line":240,"column":8},"end":{"line":240,"column":null}},"104":{"start":{"line":242,"column":6},"end":{"line":242,"column":null}},"105":{"start":{"line":244,"column":52},"end":{"line":244,"column":54}},"106":{"start":{"line":245,"column":47},"end":{"line":245,"column":49}},"107":{"start":{"line":246,"column":6},"end":{"line":251,"column":null}},"108":{"start":{"line":247,"column":8},"end":{"line":247,"column":null}},"109":{"start":{"line":248,"column":8},"end":{"line":250,"column":null}},"110":{"start":{"line":249,"column":10},"end":{"line":249,"column":null}},"111":{"start":{"line":253,"column":6},"end":{"line":253,"column":null}},"112":{"start":{"line":254,"column":6},"end":{"line":254,"column":null}},"113":{"start":{"line":258,"column":2},"end":{"line":258,"column":null}},"114":{"start":{"line":208,"column":0},"end":{"line":208,"column":16}},"115":{"start":{"line":264,"column":2},"end":{"line":300,"column":null}},"116":{"start":{"line":265,"column":22},"end":{"line":265,"column":57}},"117":{"start":{"line":266,"column":20},"end":{"line":266,"column":38}},"118":{"start":{"line":267,"column":19},"end":{"line":267,"column":47}},"119":{"start":{"line":268,"column":17},"end":{"line":268,"column":37}},"120":{"start":{"line":269,"column":4},"end":{"line":269,"column":null}},"121":{"start":{"line":270,"column":4},"end":{"line":270,"column":null}},"122":{"start":{"line":271,"column":49},"end":{"line":282,"column":5}},"123":{"start":{"line":272,"column":6},"end":{"line":272,"column":null}},"124":{"start":{"line":273,"column":6},"end":{"line":273,"column":null}},"125":{"start":{"line":274,"column":6},"end":{"line":274,"column":null}},"126":{"start":{"line":275,"column":6},"end":{"line":275,"column":null}},"127":{"start":{"line":276,"column":6},"end":{"line":281,"column":null}},"128":{"start":{"line":277,"column":8},"end":{"line":277,"column":null}},"129":{"start":{"line":278,"column":8},"end":{"line":278,"column":null}},"130":{"start":{"line":279,"column":8},"end":{"line":279,"column":null}},"131":{"start":{"line":280,"column":8},"end":{"line":280,"column":null}},"132":{"start":{"line":283,"column":45},"end":{"line":288,"column":5}},"133":{"start":{"line":284,"column":6},"end":{"line":284,"column":null}},"134":{"start":{"line":285,"column":6},"end":{"line":285,"column":null}},"135":{"start":{"line":286,"column":6},"end":{"line":286,"column":null}},"136":{"start":{"line":287,"column":6},"end":{"line":287,"column":null}},"137":{"start":{"line":289,"column":4},"end":{"line":299,"column":null}},"138":{"start":{"line":290,"column":6},"end":{"line":296,"column":null}},"139":{"start":{"line":291,"column":8},"end":{"line":291,"column":null}},"140":{"start":{"line":292,"column":8},"end":{"line":292,"column":null}},"141":{"start":{"line":293,"column":8},"end":{"line":293,"column":null}},"142":{"start":{"line":294,"column":8},"end":{"line":294,"column":null}},"143":{"start":{"line":295,"column":8},"end":{"line":295,"column":14}},"144":{"start":{"line":297,"column":21},"end":{"line":297,"column":47}},"145":{"start":{"line":298,"column":6},"end":{"line":298,"column":null}},"146":{"start":{"line":261,"column":0},"end":{"line":261,"column":16}}},"fnMap":{"0":{"name":"isStoredSoundMetadata","decl":{"start":{"line":47,"column":9},"end":{"line":47,"column":30}},"loc":{"start":{"line":47,"column":45},"end":{"line":52,"column":1}}},"1":{"name":"normalizeSoundFileDefinition","decl":{"start":{"line":54,"column":9},"end":{"line":54,"column":37}},"loc":{"start":{"line":54,"column":73},"end":{"line":72,"column":1}}},"2":{"name":"trimAcceptableSuffix","decl":{"start":{"line":74,"column":9},"end":{"line":74,"column":29}},"loc":{"start":{"line":74,"column":46},"end":{"line":81,"column":1}}},"3":{"name":"isSoundsAvailable","decl":{"start":{"line":83,"column":15},"end":{"line":83,"column":32}},"loc":{"start":{"line":86,"column":14},"end":{"line":118,"column":1}}},"4":{"name":"(anonymous_4)","decl":{"start":{"line":102,"column":9},"end":{"line":102,"column":10}},"loc":{"start":{"line":102,"column":56},"end":{"line":104,"column":3}}},"5":{"name":"storeSounds","decl":{"start":{"line":120,"column":15},"end":{"line":120,"column":26}},"loc":{"start":{"line":120,"column":85},"end":{"line":176,"column":1}}},"6":{"name":"(anonymous_6)","decl":{"start":{"line":133,"column":9},"end":{"line":133,"column":10}},"loc":{"start":{"line":133,"column":54},"end":{"line":135,"column":3}}},"7":{"name":"(anonymous_7)","decl":{"start":{"line":149,"column":14},"end":{"line":149,"column":15}},"loc":{"start":{"line":149,"column":19},"end":{"line":149,"column":29}}},"8":{"name":"(anonymous_8)","decl":{"start":{"line":150,"column":11},"end":{"line":150,"column":12}},"loc":{"start":{"line":150,"column":16},"end":{"line":150,"column":27}}},"9":{"name":"(anonymous_9)","decl":{"start":{"line":152,"column":49},"end":{"line":152,"column":50}},"loc":{"start":{"line":152,"column":78},"end":{"line":175,"column":3}}},"10":{"name":"useExistsSounds","decl":{"start":{"line":178,"column":16},"end":{"line":178,"column":31}},"loc":{"start":{"line":178,"column":72},"end":{"line":205,"column":1}}},"11":{"name":"(anonymous_11)","decl":{"start":{"line":181,"column":12},"end":{"line":181,"column":21}},"loc":{"start":{"line":181,"column":23},"end":{"line":202,"column":3}}},"12":{"name":"(anonymous_12)","decl":{"start":{"line":188,"column":55},"end":{"line":188,"column":56}},"loc":{"start":{"line":188,"column":91},"end":{"line":195,"column":5}}},"13":{"name":"(anonymous_13)","decl":{"start":{"line":193,"column":65},"end":{"line":193,"column":68}},"loc":{"start":{"line":193,"column":71},"end":{"line":193,"column":75}}},"14":{"name":"(anonymous_14)","decl":{"start":{"line":195,"column":12},"end":{"line":195,"column":13}},"loc":{"start":{"line":195,"column":41},"end":{"line":199,"column":5}}},"15":{"name":"(anonymous_15)","decl":{"start":{"line":199,"column":13},"end":{"line":199,"column":14}},"loc":{"start":{"line":199,"column":17},"end":{"line":201,"column":5}}},"16":{"name":"useSoundMetadata","decl":{"start":{"line":208,"column":16},"end":{"line":208,"column":32}},"loc":{"start":{"line":210,"column":23},"end":{"line":259,"column":1}}},"17":{"name":"(anonymous_17)","decl":{"start":{"line":215,"column":12},"end":{"line":215,"column":21}},"loc":{"start":{"line":215,"column":23},"end":{"line":256,"column":3}}},"18":{"name":"(anonymous_18)","decl":{"start":{"line":222,"column":49},"end":{"line":222,"column":50}},"loc":{"start":{"line":222,"column":107},"end":{"line":243,"column":5}}},"19":{"name":"(anonymous_19)","decl":{"start":{"line":243,"column":12},"end":{"line":243,"column":13}},"loc":{"start":{"line":243,"column":40},"end":{"line":255,"column":5}}},"20":{"name":"usePlaySound","decl":{"start":{"line":261,"column":16},"end":{"line":261,"column":28}},"loc":{"start":{"line":262,"column":14},"end":{"line":301,"column":1}}},"21":{"name":"(anonymous_21)","decl":{"start":{"line":264,"column":21},"end":{"line":264,"column":22}},"loc":{"start":{"line":264,"column":105},"end":{"line":300,"column":3}}},"22":{"name":"(anonymous_22)","decl":{"start":{"line":271,"column":49},"end":{"line":271,"column":50}},"loc":{"start":{"line":271,"column":80},"end":{"line":282,"column":5}}},"23":{"name":"(anonymous_23)","decl":{"start":{"line":276,"column":39},"end":{"line":276,"column":null}},"loc":{"start":{"line":276,"column":39},"end":{"line":281,"column":7}}},"24":{"name":"(anonymous_24)","decl":{"start":{"line":283,"column":45},"end":{"line":283,"column":46}},"loc":{"start":{"line":283,"column":71},"end":{"line":288,"column":5}}},"25":{"name":"(anonymous_25)","decl":{"start":{"line":289,"column":19},"end":{"line":289,"column":20}},"loc":{"start":{"line":289,"column":54},"end":{"line":299,"column":5}}}},"branchMap":{"0":{"loc":{"start":{"line":48,"column":9},"end":{"line":48,"column":24}},"type":"binary-expr","locations":[{"start":{"line":48,"column":9},"end":{"line":48,"column":24}},{"start":{"line":49,"column":4},"end":{"line":49,"column":41}},{"start":{"line":50,"column":5},"end":{"line":50,"column":38}},{"start":{"line":50,"column":42},"end":{"line":50,"column":70}},{"start":{"line":50,"column":74},"end":{"line":50,"column":96}}]},"1":{"loc":{"start":{"line":55,"column":2},"end":{"line":63,"column":null}},"type":"if","locations":[{"start":{"line":55,"column":2},"end":{"line":63,"column":null}},{"start":{"line":55,"column":2},"end":{"line":63,"column":null}}]},"2":{"loc":{"start":{"line":56,"column":4},"end":{"line":58,"column":null}},"type":"if","locations":[{"start":{"line":56,"column":4},"end":{"line":58,"column":null}},{"start":{"line":56,"column":4},"end":{"line":58,"column":null}}]},"3":{"loc":{"start":{"line":59,"column":4},"end":{"line":61,"column":null}},"type":"if","locations":[{"start":{"line":59,"column":4},"end":{"line":61,"column":null}},{"start":{"line":59,"column":4},"end":{"line":61,"column":null}}]},"4":{"loc":{"start":{"line":59,"column":8},"end":{"line":59,"column":21}},"type":"binary-expr","locations":[{"start":{"line":59,"column":8},"end":{"line":59,"column":21}},{"start":{"line":59,"column":25},"end":{"line":59,"column":53}}]},"5":{"loc":{"start":{"line":64,"column":2},"end":{"line":66,"column":null}},"type":"if","locations":[{"start":{"line":64,"column":2},"end":{"line":66,"column":null}},{"start":{"line":64,"column":2},"end":{"line":66,"column":null}}]},"6":{"loc":{"start":{"line":64,"column":6},"end":{"line":64,"column":22}},"type":"binary-expr","locations":[{"start":{"line":64,"column":6},"end":{"line":64,"column":22}},{"start":{"line":64,"column":26},"end":{"line":64,"column":42}},{"start":{"line":64,"column":46},"end":{"line":64,"column":62}}]},"7":{"loc":{"start":{"line":68,"column":4},"end":{"line":68,"column":null}},"type":"switch","locations":[{"start":{"line":68,"column":4},"end":{"line":68,"column":null}},{"start":{"line":69,"column":4},"end":{"line":69,"column":null}},{"start":{"line":70,"column":4},"end":{"line":70,"column":null}}]},"8":{"loc":{"start":{"line":76,"column":4},"end":{"line":78,"column":null}},"type":"if","locations":[{"start":{"line":76,"column":4},"end":{"line":78,"column":null}},{"start":{"line":76,"column":4},"end":{"line":78,"column":null}}]},"9":{"loc":{"start":{"line":103,"column":25},"end":{"line":103,"column":40}},"type":"cond-expr","locations":[{"start":{"line":103,"column":25},"end":{"line":103,"column":40}},{"start":{"line":103,"column":43},"end":{"line":103,"column":47}}]},"10":{"loc":{"start":{"line":105,"column":2},"end":{"line":111,"column":null}},"type":"if","locations":[{"start":{"line":105,"column":2},"end":{"line":111,"column":null}},{"start":{"line":105,"column":2},"end":{"line":111,"column":null}}]},"11":{"loc":{"start":{"line":134,"column":25},"end":{"line":134,"column":40}},"type":"cond-expr","locations":[{"start":{"line":134,"column":25},"end":{"line":134,"column":40}},{"start":{"line":134,"column":43},"end":{"line":134,"column":47}}]},"12":{"loc":{"start":{"line":136,"column":2},"end":{"line":138,"column":null}},"type":"if","locations":[{"start":{"line":136,"column":2},"end":{"line":138,"column":null}},{"start":{"line":136,"column":2},"end":{"line":138,"column":null}}]},"13":{"loc":{"start":{"line":159,"column":6},"end":{"line":161,"column":null}},"type":"if","locations":[{"start":{"line":159,"column":6},"end":{"line":161,"column":null}},{"start":{"line":159,"column":6},"end":{"line":161,"column":null}}]},"14":{"loc":{"start":{"line":163,"column":6},"end":{"line":165,"column":null}},"type":"if","locations":[{"start":{"line":163,"column":6},"end":{"line":165,"column":null}},{"start":{"line":163,"column":6},"end":{"line":165,"column":null}}]},"15":{"loc":{"start":{"line":167,"column":26},"end":{"line":167,"column":53}},"type":"binary-expr","locations":[{"start":{"line":167,"column":26},"end":{"line":167,"column":53}},{"start":{"line":167,"column":57},"end":{"line":167,"column":59}}]},"16":{"loc":{"start":{"line":168,"column":22},"end":{"line":168,"column":45}},"type":"binary-expr","locations":[{"start":{"line":168,"column":22},"end":{"line":168,"column":45}},{"start":{"line":168,"column":49},"end":{"line":168,"column":53}}]},"17":{"loc":{"start":{"line":183,"column":4},"end":{"line":185,"column":null}},"type":"if","locations":[{"start":{"line":183,"column":4},"end":{"line":185,"column":null}},{"start":{"line":183,"column":4},"end":{"line":185,"column":null}}]},"18":{"loc":{"start":{"line":189,"column":6},"end":{"line":191,"column":null}},"type":"if","locations":[{"start":{"line":189,"column":6},"end":{"line":191,"column":null}},{"start":{"line":189,"column":6},"end":{"line":191,"column":null}}]},"19":{"loc":{"start":{"line":193,"column":10},"end":{"line":193,"column":76}},"type":"cond-expr","locations":[{"start":{"line":193,"column":10},"end":{"line":193,"column":76}},{"start":{"line":194,"column":10},"end":{"line":194,"column":14}}]},"20":{"loc":{"start":{"line":196,"column":6},"end":{"line":198,"column":null}},"type":"if","locations":[{"start":{"line":196,"column":6},"end":{"line":198,"column":null}},{"start":{"line":196,"column":6},"end":{"line":198,"column":null}}]},"21":{"loc":{"start":{"line":218,"column":4},"end":{"line":220,"column":null}},"type":"if","locations":[{"start":{"line":218,"column":4},"end":{"line":220,"column":null}},{"start":{"line":218,"column":4},"end":{"line":220,"column":null}}]},"22":{"loc":{"start":{"line":224,"column":6},"end":{"line":226,"column":null}},"type":"if","locations":[{"start":{"line":224,"column":6},"end":{"line":226,"column":null}},{"start":{"line":224,"column":6},"end":{"line":226,"column":null}}]},"23":{"loc":{"start":{"line":230,"column":6},"end":{"line":238,"column":null}},"type":"if","locations":[{"start":{"line":230,"column":6},"end":{"line":238,"column":null}},{"start":{"line":230,"column":6},"end":{"line":238,"column":null}}]},"24":{"loc":{"start":{"line":231,"column":8},"end":{"line":237,"column":null}},"type":"if","locations":[{"start":{"line":231,"column":8},"end":{"line":237,"column":null}},{"start":{"line":231,"column":8},"end":{"line":237,"column":null}}]},"25":{"loc":{"start":{"line":233,"column":15},"end":{"line":237,"column":null}},"type":"if","locations":[{"start":{"line":233,"column":15},"end":{"line":237,"column":null}},{"start":{"line":233,"column":15},"end":{"line":237,"column":null}}]},"26":{"loc":{"start":{"line":239,"column":6},"end":{"line":241,"column":null}},"type":"if","locations":[{"start":{"line":239,"column":6},"end":{"line":241,"column":null}},{"start":{"line":239,"column":6},"end":{"line":241,"column":null}}]},"27":{"loc":{"start":{"line":258,"column":50},"end":{"line":258,"column":68}},"type":"cond-expr","locations":[{"start":{"line":258,"column":50},"end":{"line":258,"column":68}},{"start":{"line":258,"column":71},"end":{"line":258,"column":73}}]},"28":{"loc":{"start":{"line":258,"column":10},"end":{"line":258,"column":25}},"type":"binary-expr","locations":[{"start":{"line":258,"column":10},"end":{"line":258,"column":25}},{"start":{"line":258,"column":29},"end":{"line":258,"column":46}}]},"29":{"loc":{"start":{"line":280,"column":8},"end":{"line":280,"column":16}},"type":"binary-expr","locations":[{"start":{"line":280,"column":8},"end":{"line":280,"column":16}},{"start":{"line":280,"column":20},"end":{"line":280,"column":30}}]},"30":{"loc":{"start":{"line":287,"column":6},"end":{"line":287,"column":14}},"type":"binary-expr","locations":[{"start":{"line":287,"column":6},"end":{"line":287,"column":14}},{"start":{"line":287,"column":18},"end":{"line":287,"column":29}}]},"31":{"loc":{"start":{"line":290,"column":6},"end":{"line":296,"column":null}},"type":"if","locations":[{"start":{"line":290,"column":6},"end":{"line":296,"column":null}},{"start":{"line":290,"column":6},"end":{"line":296,"column":null}}]},"32":{"loc":{"start":{"line":294,"column":8},"end":{"line":294,"column":16}},"type":"binary-expr","locations":[{"start":{"line":294,"column":8},"end":{"line":294,"column":16}},{"start":{"line":294,"column":20},"end":{"line":294,"column":63}}]}},"s":{"0":2,"1":2,"2":2,"3":2,"4":2,"5":2,"6":2,"7":2,"8":2,"9":2,"10":2,"11":5,"12":6,"13":3,"14":1,"15":2,"16":2,"17":0,"18":3,"19":0,"20":3,"21":0,"22":1,"23":2,"24":7,"25":10,"26":6,"27":1,"28":4,"29":4,"30":4,"31":4,"32":1,"33":3,"34":3,"35":2,"36":2,"37":2,"38":1,"39":1,"40":1,"41":1,"42":1,"43":1,"44":1,"45":1,"46":6,"47":6,"48":1,"49":1,"50":1,"51":1,"52":1,"53":7,"54":7,"55":1,"56":6,"57":6,"58":0,"59":6,"60":6,"61":6,"62":6,"63":6,"64":6,"65":6,"66":7,"67":7,"68":5,"69":5,"70":1,"71":4,"72":4,"73":4,"74":1,"75":3,"76":1,"77":3,"78":2,"79":1,"80":7,"81":2,"82":14,"83":14,"84":14,"85":4,"86":4,"87":4,"88":1,"89":3,"90":5,"91":5,"92":1,"93":4,"94":4,"95":4,"96":4,"97":3,"98":1,"99":2,"100":2,"101":4,"102":4,"103":1,"104":4,"105":3,"106":3,"107":3,"108":4,"109":4,"110":6,"111":3,"112":3,"113":14,"114":2,"115":3,"116":3,"117":3,"118":3,"119":3,"120":3,"121":3,"122":3,"123":1,"124":1,"125":1,"126":1,"127":1,"128":1,"129":1,"130":1,"131":1,"132":3,"133":1,"134":1,"135":1,"136":1,"137":3,"138":3,"139":1,"140":1,"141":1,"142":1,"143":1,"144":2,"145":2,"146":2},"f":{"0":5,"1":6,"2":7,"3":4,"4":4,"5":2,"6":2,"7":6,"8":6,"9":1,"10":7,"11":5,"12":4,"13":1,"14":3,"15":1,"16":14,"17":4,"18":5,"19":3,"20":3,"21":3,"22":1,"23":1,"24":1,"25":3},"b":{"0":[5,5,5,4,2],"1":[3,3],"2":[1,2],"3":[2,0],"4":[2,2],"5":[0,3],"6":[3,3,2],"7":[0,1,2],"8":[6,4],"9":[3,1],"10":[1,3],"11":[1,1],"12":[1,1],"13":[1,6],"14":[0,6],"15":[6,1],"16":[6,2],"17":[1,4],"18":[1,3],"19":[2,1],"20":[2,1],"21":[1,3],"22":[1,4],"23":[3,1],"24":[1,2],"25":[2,0],"26":[1,3],"27":[7,7],"28":[14,10],"29":[1,1],"30":[1,1],"31":[1,2],"32":[1,1]}}
,"/home/hiroki/projects/live-comment/packages/app/src/comment/utils/pages.ts": {"path":"/home/hiroki/projects/live-comment/packages/app/src/comment/utils/pages.ts","statementMap":{"0":{"start":{"line":2,"column":2},"end":{"line":2,"column":null}},"1":{"start":{"line":1,"column":0},"end":{"line":1,"column":16}},"2":{"start":{"line":6,"column":2},"end":{"line":6,"column":null}},"3":{"start":{"line":5,"column":0},"end":{"line":5,"column":16}}},"fnMap":{"0":{"name":"goToLoginPage","decl":{"start":{"line":1,"column":16},"end":{"line":1,"column":29}},"loc":{"start":{"line":1,"column":29},"end":{"line":3,"column":1}}},"1":{"name":"gotoCommentPage","decl":{"start":{"line":5,"column":16},"end":{"line":5,"column":31}},"loc":{"start":{"line":5,"column":31},"end":{"line":7,"column":1}}}},"branchMap":{},"s":{"0":0,"1":2,"2":0,"3":2},"f":{"0":0,"1":0},"b":{}}
[...]
umn":null}},"67":{"start":{"line":165,"column":6},"end":{"line":165,"column":null}},"68":{"start":{"line":166,"column":6},"end":{"line":166,"column":null}},"69":{"start":{"line":169,"column":2},"end":{"line":173,"column":null}},"70":{"start":{"line":170,"column":19},"end":{"line":170,"column":40}},"71":{"start":{"line":171,"column":4},"end":{"line":171,"column":null}},"72":{"start":{"line":172,"column":4},"end":{"line":172,"column":null}},"73":{"start":{"line":174,"column":2},"end":{"line":178,"column":null}},"74":{"start":{"line":175,"column":14},"end":{"line":175,"column":35}},"75":{"start":{"line":176,"column":4},"end":{"line":176,"column":null}},"76":{"start":{"line":177,"column":4},"end":{"line":177,"column":null}},"77":{"start":{"line":179,"column":2},"end":{"line":179,"column":null}},"78":{"start":{"line":187,"column":2},"end":{"line":187,"column":null}},"79":{"start":{"line":188,"column":14},"end":{"line":188,"column":46}},"80":{"start":{"line":189,"column":2},"end":{"line":192,"column":null}},"81":{"start":{"line":190,"column":4},"end":{"line":190,"column":null}},"82":{"start":{"line":191,"column":4},"end":{"line":191,"column":null}},"83":{"start":{"line":194,"column":48},"end":{"line":196,"column":14}},"84":{"start":{"line":195,"column":4},"end":{"line":195,"column":null}},"85":{"start":{"line":197,"column":2},"end":{"line":200,"column":null}},"86":{"start":{"line":198,"column":4},"end":{"line":198,"column":null}},"87":{"start":{"line":199,"column":4},"end":{"line":199,"column":null}},"88":{"start":{"line":202,"column":2},"end":{"line":202,"column":null}},"89":{"start":{"line":182,"column":0},"end":{"line":182,"column":16}}},"fnMap":{"0":{"name":"sendMessage","decl":{"start":{"line":42,"column":9},"end":{"line":42,"column":20}},"loc":{"start":{"line":42,"column":62},"end":{"line":52,"column":1}}},"1":{"name":"(anonymous_2)","decl":{"start":{"line":45,"column":18},"end":{"line":45,"column":19}},"loc":{"start":{"line":45,"column":45},"end":{"line":51,"column":3}}},"2":{"name":"sendAuthResponse","decl":{"start":{"line":54,"column":9},"end":{"line":54,"column":25}},"loc":{"start":{"line":54,"column":93},"end":{"line":73,"column":1}}},"3":{"name":"authenticate","decl":{"start":{"line":75,"column":9},"end":{"line":75,"column":21}},"loc":{"start":{"line":75,"column":88},"end":{"line":94,"column":1}}},"4":{"name":"(anonymous_5)","decl":{"start":{"line":82,"column":14},"end":{"line":82,"column":19}},"loc":{"start":{"line":82,"column":23},"end":{"line":82,"column":60}}},"5":{"name":"(anonymous_6)","decl":{"start":{"line":83,"column":15},"end":{"line":83,"column":21}},"loc":{"start":{"line":83,"column":25},"end":{"line":83,"column":68}}},"6":{"name":"authorize","decl":{"start":{"line":96,"column":9},"end":{"line":96,"column":18}},"loc":{"start":{"line":96,"column":90},"end":{"line":114,"column":1}}},"7":{"name":"(anonymous_8)","decl":{"start":{"line":98,"column":10},"end":{"line":98,"column":17}},"loc":{"start":{"line":98,"column":20},"end":{"line":110,"column":5}}},"8":{"name":"(anonymous_9)","decl":{"start":{"line":111,"column":12},"end":{"line":111,"column":18}},"loc":{"start":{"line":111,"column":21},"end":{"line":113,"column":5}}},"9":{"name":"broadcast","decl":{"start":{"line":116,"column":9},"end":{"line":116,"column":18}},"loc":{"start":{"line":119,"column":46},"end":{"line":137,"column":1}}},"10":{"name":"(anonymous_11)","decl":{"start":{"line":131,"column":25},"end":{"line":131,"column":26}},"loc":{"start":{"line":131,"column":48},"end":{"line":136,"column":3}}},"11":{"name":"onConnected","decl":{"start":{"line":139,"column":9},"end":{"line":139,"column":20}},"loc":{"start":{"line":144,"column":30},"end":{"line":180,"column":1}}},"12":{"name":"(anonymous_13)","decl":{"start":{"line":155,"column":23},"end":{"line":155,"column":24}},"loc":{"start":{"line":155,"column":57},"end":{"line":168,"column":3}}},"13":{"name":"(anonymous_14)","decl":{"start":{"line":169,"column":21},"end":{"line":169,"column":31}},"loc":{"start":{"line":169,"column":39},"end":{"line":173,"column":3}}},"14":{"name":"(anonymous_15)","decl":{"start":{"line":174,"column":21},"end":{"line":174,"column":48}},"loc":{"start":{"line":174,"column":76},"end":{"line":178,"column":3}}},"15":{"name":"createWebSocketServer","decl":{"start":{"line":182,"column":16},"end":{"line":182,"column":37}},"loc":{"start":{"line":185,"column":30},"end":{"line":203,"column":1}}},"16":{"name":"(anonymous_17)","decl":{"start":{"line":189,"column":23},"end":{"line":189,"column":32}},"loc":{"start":{"line":189,"column":72},"end":{"line":192,"column":3}}},"17":{"name":"(anonymous_18)","decl":{"start":{"line":194,"column":60},"end":{"line":194,"column":69}},"loc":{"start":{"line":194,"column":71},"end":{"line":196,"column":3}}},"18":{"name":"(anonymous_19)","decl":{"start":{"line":197,"column":18},"end":{"line":197,"column":27}},"loc":{"start":{"line":197,"column":29},"end":{"line":200,"column":3}}}},"branchMap":{"0":{"loc":{"start":{"line":46,"column":4},"end":{"line":49,"column":null}},"type":"if","locations":[{"start":{"line":46,"column":4},"end":{"line":49,"column":null}},{"start":{"line":46,"column":4},"end":{"line":49,"column":null}}]},"1":{"loc":{"start":{"line":55,"column":2},"end":{"line":64,"column":null}},"type":"if","locations":[{"start":{"line":55,"column":2},"end":{"line":64,"column":null}},{"start":{"line":55,"column":2},"end":{"line":64,"column":null}}]},"2":{"loc":{"start":{"line":55,"column":6},"end":{"line":55,"column":18}},"type":"binary-expr","locations":[{"start":{"line":55,"column":6},"end":{"line":55,"column":18}},{"start":{"line":55,"column":22},"end":{"line":55,"column":27}}]},"3":{"loc":{"start":{"line":69,"column":30},"end":{"line":69,"column":44}},"type":"cond-expr","locations":[{"start":{"line":69,"column":30},"end":{"line":69,"column":44}},{"start":{"line":69,"column":47},"end":{"line":69,"column":56}}]},"4":{"loc":{"start":{"line":78,"column":4},"end":{"line":85,"column":null}},"type":"if","locations":[{"start":{"line":78,"column":4},"end":{"line":85,"column":null}},{"start":{"line":78,"column":4},"end":{"line":85,"column":null}}]},"5":{"loc":{"start":{"line":78,"column":8},"end":{"line":78,"column":25}},"type":"binary-expr","locations":[{"start":{"line":78,"column":8},"end":{"line":78,"column":25}},{"start":{"line":78,"column":29},"end":{"line":78,"column":46}}]},"6":{"loc":{"start":{"line":99,"column":6},"end":{"line":107,"column":null}},"type":"if","locations":[{"start":{"line":99,"column":6},"end":{"line":107,"column":null}},{"start":{"line":99,"column":6},"end":{"line":107,"column":null}}]},"7":{"loc":{"start":{"line":121,"column":2},"end":{"line":125,"column":null}},"type":"if","locations":[{"start":{"line":121,"column":2},"end":{"line":125,"column":null}},{"start":{"line":121,"column":2},"end":{"line":125,"column":null}}]},"8":{"loc":{"start":{"line":133,"column":4},"end":{"line":135,"column":null}},"type":"if","locations":[{"start":{"line":133,"column":4},"end":{"line":135,"column":null}},{"start":{"line":133,"column":4},"end":{"line":135,"column":null}}]},"9":{"loc":{"start":{"line":133,"column":8},"end":{"line":133,"column":30}},"type":"binary-expr","locations":[{"start":{"line":133,"column":8},"end":{"line":133,"column":30}},{"start":{"line":133,"column":35},"end":{"line":133,"column":38}},{"start":{"line":133,"column":42},"end":{"line":133,"column":60}}]},"10":{"loc":{"start":{"line":158,"column":4},"end":{"line":167,"column":null}},"type":"if","locations":[{"start":{"line":158,"column":4},"end":{"line":167,"column":null}},{"start":{"line":158,"column":4},"end":{"line":167,"column":null}}]},"11":{"loc":{"start":{"line":160,"column":11},"end":{"line":167,"column":null}},"type":"if","locations":[{"start":{"line":160,"column":11},"end":{"line":167,"column":null}},{"start":{"line":160,"column":11},"end":{"line":167,"column":null}}]},"12":{"loc":{"start":{"line":162,"column":11},"end":{"line":167,"column":null}},"type":"if","locations":[{"start":{"line":162,"column":11},"end":{"line":167,"column":null}},{"start":{"line":162,"column":11},"end":{"line":167,"column":null}}]}},"s":{"0":1,"1":1,"2":1,"3":1,"4":1,"5":1,"6":5,"7":5,"8":5,"9":2,"10":0,"11":0,"12":2,"13":3,"14":2,"15":2,"16":2,"17":1,"18":1,"19":1,"20":2,"21":2,"22":3,"23":1,"24":1,"25":1,"26":1,"27":0,"28":1,"29":1,"30":1,"31":1,"32":3,"33":2,"34":1,"35":1,"36":1,"37":1,"38":1,"39":1,"40":2,"41":1,"42":1,"43":1,"44":1,"45":1,"46":1,"47":1,"48":1,"49":1,"50":3,"51":3,"52":2,"53":10,"54":10,"55":10,"56":10,"57":10,"58":10,"59":7,"60":7,"61":7,"62":2,"63":5,"64":2,"65":3,"66":3,"67":0,"68":0,"69":10,"70":1,"71":1,"72":1,"73":10,"74":1,"75":1,"76":1,"77":10,"78":12,"79":12,"80":12,"81":10,"82":10,"83":12,"84":1,"85":12,"86":13,"87":13,"88":12,"89":1},"f":{"0":5,"1":2,"2":3,"3":2,"4":1,"5":0,"6":3,"7":2,"8":1,"9":2,"10":3,"11":10,"12":7,"13":1,"14":1,"15":12,"16":10,"17":1,"18":13},"b":{"0":[0,2],"1":[2,1],"2":[3,2],"3":[1,0],"4":[1,2],"5":[3,2],"6":[1,1],"7":[1,1],"8":[2,1],"9":[3,2,0],"10":[2,5],"11":[2,3],"12":[3,0]}}
,"/home/hiroki/projects/live-comment/packages/app/src/wscomp/WebSocketClient.tsx": {"path":"/home/hiroki/projects/live-comment/packages/app/src/wscomp/WebSocketClient.tsx","statementMap":{"0":{"start":{"line":1,"column":0},"end":{"line":1,"column":59}},"1":{"start":{"line":2,"column":0},"end":{"line":2,"column":43}},"2":{"start":{"line":29,"column":12},"end":{"line":29,"column":40}},"3":{"start":{"line":36,"column":2},"end":{"line":39,"column":null}},"4":{"start":{"line":37,"column":4},"end":{"line":37,"column":null}},"5":{"start":{"line":38,"column":4},"end":{"line":38,"column":10}},"6":{"start":{"line":41,"column":20},"end":{"line":41,"column":38}},"7":{"start":{"line":42,"column":2},"end":{"line":86,"column":null}},"8":{"start":{"line":43,"column":4},"end":{"line":43,"column":null}},"9":{"start":{"line":44,"column":38},"end":{"line":84,"column":null}},"10":{"start":{"line":47,"column":19},"end":{"line":47,"column":39}},"11":{"start":{"line":48,"column":8},"end":{"line":52,"column":null}},"12":{"start":{"line":49,"column":23},"end":{"line":49,"column":46}},"13":{"start":{"line":50,"column":10},"end":{"line":50,"column":null}},"14":{"start":{"line":51,"column":10},"end":{"line":51,"column":null}},"15":{"start":{"line":55,"column":8},"end":{"line":55,"column":null}},"16":{"start":{"line":56,"column":8},"end":{"line":56,"column":null}},"17":{"start":{"line":57,"column":8},"end":{"line":57,"column":null}},"18":{"start":{"line":58,"column":8},"end":{"line":58,"column":null}},"19":{"start":{"line":61,"column":8},"end":{"line":64,"column":null}},"20":{"start":{"line":62,"column":10},"end":{"line":62,"column":null}},"21":{"start":{"line":63,"column":10},"end":{"line":63,"column":16}},"22":{"start":{"line":65,"column":27},"end":{"line":65,"column":55}},"23":{"start":{"line":66,"column":8},"end":{"line":70,"column":null}},"24":{"start":{"line":67,"column":10},"end":{"line":67,"column":null}},"25":{"start":{"line":68,"column":10},"end":{"line":68,"column":null}},"26":{"start":{"line":69,"column":10},"end":{"line":69,"column":null}},"27":{"start":{"line":71,"column":8},"end":{"line":71,"column":null}},"28":{"start":{"line":74,"column":8},"end":{"line":74,"column":null}},"29":{"start":{"line":75,"column":8},"end":{"line":78,"column":null}},"30":{"start":{"line":76,"column":10},"end":{"line":76,"column":null}},"31":{"start":{"line":77,"column":10},"end":{"line":77,"column":null}},"32":{"start":{"line":79,"column":8},"end":{"line":82,"column":null}},"33":{"start":{"line":80,"column":10},"end":{"line":80,"column":null}},"34":{"start":{"line":81,"column":10},"end":{"line":81,"column":null}},"35":{"start":{"line":85,"column":4},"end":{"line":85,"column":null}},"36":{"start":{"line":87,"column":2},"end":{"line":94,"column":null}},"37":{"start":{"line":88,"column":4},"end":{"line":88,"column":null}},"38":{"start":{"line":89,"column":4},"end":{"line":92,"column":null}},"39":{"start":{"line":90,"column":6},"end":{"line":90,"column":null}},"40":{"start":{"line":91,"column":6},"end":{"line":91,"column":null}},"41":{"start":{"line":93,"column":4},"end":{"line":93,"column":null}},"42":{"start":{"line":95,"column":2},"end":{"line":98,"column":null}},"43":{"start":{"line":96,"column":4},"end":{"line":96,"column":null}},"44":{"start":{"line":97,"column":4},"end":{"line":97,"column":null}},"45":{"start":{"line":99,"column":2},"end":{"line":103,"column":null}},"46":{"start":{"line":100,"column":4},"end":{"line":100,"column":null}},"47":{"start":{"line":101,"column":29},"end":{"line":101,"column":48}},"48":{"start":{"line":102,"column":4},"end":{"line":102,"column":null}},"49":{"start":{"line":105,"column":2},"end":{"line":105,"column":null}},"50":{"start":{"line":106,"column":2},"end":{"line":106,"column":null}},"51":{"start":{"line":112,"column":23},"end":{"line":112,"column":53}},"52":{"start":{"line":113,"column":23},"end":{"line":118,"column":4}},"53":{"start":{"line":114,"column":18},"end":{"line":114,"column":27}},"54":{"start":{"line":115,"column":19},"end":{"line":115,"column":28}},"55":{"start":{"line":116,"column":19},"end":{"line":116,"column":28}},"56":{"start":{"line":117,"column":21},"end":{"line":117,"column":30}},"57":{"start":{"line":120,"column":2},"end":{"line":122,"column":null}},"58":{"start":{"line":121,"column":4},"end":{"line":121,"column":null}},"59":{"start":{"line":124,"column":2},"end":{"line":142,"column":null}},"60":{"start":{"line":125,"column":4},"end":{"line":132,"column":null}},"61":{"start":{"line":126,"column":6},"end":{"line":126,"column":null}},"62":{"start":{"line":127,"column":38},"end":{"line":130,"column":null}},"63":{"start":{"line":131,"column":6},"end":{"line":131,"column":null}},"64":{"start":{"line":133,"column":4},"end":{"line":133,"column":null}},"65":{"start":{"line":135,"column":4},"end":{"line":141,"column":null}},"66":{"start":{"line":136,"column":6},"end":{"line":140,"column":null}},"67":{"start":{"line":137,"column":8},"end":{"line":137,"column":null}},"68":{"start":{"line":138,"column":8},"end":{"line":138,"column":null}},"69":{"start":{"line":139,"column":8},"end":{"line":139,"column":null}},"70":{"start":{"line":144,"column":2},"end":{"line":144,"column":null}},"71":{"start":{"line":109,"column":0},"end":{"line":109,"column":16}}},"fnMap":{"0":{"name":"createWebSocket","decl":{"start":{"line":31,"column":9},"end":{"line":31,"column":24}},"loc":{"start":{"line":34,"column":50},"end":{"line":107,"column":1}}},"1":{"name":"(anonymous_1)","decl":{"start":{"line":42,"column":37},"end":{"line":42,"column":38}},"loc":{"start":{"line":42,"column":57},"end":{"line":86,"column":3}}},"2":{"name":"(anonymous_2)","decl":{"start":{"line":46,"column":12},"end":{"line":46,"column":13}},"loc":{"start":{"line":46,"column":39},"end":{"line":53,"column":7}}},"3":{"name":"(anonymous_3)","decl":{"start":{"line":54,"column":17},"end":{"line":54,"column":26}},"loc":{"start":{"line":54,"column":28},"end":{"line":59,"column":7}}},"4":{"name":"(anonymous_4)","decl":{"start":{"line":60,"column":28},"end":{"line":60,"column":37}},"loc":{"start":{"line":60,"column":39},"end":{"line":72,"column":7}}},"5":{"name":"(anonymous_5)","decl":{"start":{"line":66,"column":52},"end":{"line":66,"column":61}},"loc":{"start":{"line":66,"column":63},"end":{"line":70,"column":9}}},"6":{"name":"(anonymous_6)","decl":{"start":{"line":73,"column":13},"end":{"line":73,"column":22}},"loc":{"start":{"line":73,"column":24},"end":{"line":83,"column":7}}},"7":{"name":"(anonymous_7)","decl":{"start":{"line":87,"column":38},"end":{"line":87,"column":39}},"loc":{"start":{"line":87,"column":63},"end":{"line":94,"column":3}}},"8":{"name":"(anonymous_8)","decl":{"start":{"line":95,"column":38},"end":{"line":95,"column":39}},"loc":{"start":{"line":95,"column":58},"end":{"line":98,"column":3}}},"9":{"name":"(anonymous_9)","decl":{"start":{"line":99,"column":40},"end":{"line":99,"column":41}},"loc":{"start":{"line":99,"column":75},"end":{"line":103,"column":3}}},"10":{"name":"WebSocketClient","decl":{"start":{"line":109,"column":16},"end":{"line":109,"column":31}},"loc":{"start":{"line":110,"column":84},"end":{"line":145,"column":1}}},"11":{"name":"(anonymous_11)","decl":{"start":{"line":114,"column":12},"end":{"line":114,"column":15}},"loc":{"start":{"line":114,"column":18},"end":{"line":114,"column":27}}},"12":{"name":"(anonymous_12)","decl":{"start":{"line":115,"column":13},"end":{"line":115,"column":16}},"loc":{"start":{"line":115,"column":19},"end":{"line":115,"column":28}}},"13":{"name":"(anonymous_13)","decl":{"start":{"line":116,"column":13},"end":{"line":116,"column":16}},"loc":{"start":{"line":116,"column":19},"end":{"line":116,"column":28}}},"14":{"name":"(anonymous_14)","decl":{"start":{"line":117,"column":15},"end":{"line":117,"column":18}},"loc":{"start":{"line":117,"column":21},"end":{"line":117,"column":30}}},"15":{"name":"(anonymous_15)","decl":{"start":{"line":120,"column":12},"end":{"line":120,"column":15}},"loc":{"start":{"line":120,"column":17},"end":{"line":122,"column":3}}},"16":{"name":"(anonymous_16)","decl":{"start":{"line":124,"column":12},"end":{"line":124,"column":29}},"loc":{"start":{"line":124,"column":31},"end":{"line":142,"column":3}}},"17":{"name":"(anonymous_17)","decl":{"start":{"line":135,"column":11},"end":{"line":135,"column":20}},"loc":{"start":{"line":135,"column":22},"end":{"line":141,"column":5}}}},"branchMap":{"0":{"loc":{"start":{"line":36,"column":2},"end":{"line":39,"column":null}},"type":"if","locations":[{"start":{"line":36,"column":2},"end":{"line":39,"column":null}},{"start":{"line":36,"column":2},"end":{"line":39,"column":null}}]},"1":{"loc":{"start":{"line":48,"column":8},"end":{"line":52,"column":null}},"type":"if","locations":[{"start":{"line":48,"column":8},"end":{"line":52,"column":null}},{"start":{"line":48,"column":8},"end":{"line":52,"column":null}}]},"2":{"loc":{"start":{"line":61,"column":8},"end":{"line":64,"column":null}},"type":"if","locations":[{"start":{"line":61,"column":8},"end":{"line":64,"column":null}},{"start":{"line":61,"column":8},"end":{"line":64,"column":null}}]},"3":{"loc":{"start":{"line":75,"column":8},"end":{"line":78,"column":null}},"type":"if","locations":[{"start":{"line":75,"column":8},"end":{"line":78,"column":null}},{"start":{"line":75,"column":8},"end":{"line":78,"column":null}}]},"4":{"loc":{"start":{"line":79,"column":8},"end":{"line":82,"column":null}},"type":"if","locations":[{"start":{"line":79,"column":8},"end":{"line":82,"column":null}},{"start":{"line":79,"column":8},"end":{"line":82,"column":null}}]},"5":{"loc":{"start":{"line":89,"column":4},"end":{"line":92,"column":null}},"type":"if","locations":[{"start":{"line":89,"column":4},"end":{"line":92,"column":null}},{"start":{"line":89,"column":4},"end":{"line":92,"column":null}}]},"6":{"loc":{"start":{"line":125,"column":4},"end":{"line":132,"column":null}},"type":"if","locations":[{"start":{"line":125,"column":4},"end":{"line":132,"column":null}},{"start":{"line":125,"column":4},"end":{"line":132,"column":null}}]},"7":{"loc":{"start":{"line":136,"column":6},"end":{"line":140,"column":null}},"type":"if","locations":[{"start":{"line":136,"column":6},"end":{"line":140,"column":null}},{"start":{"line":136,"column":6},"end":{"line":140,"column":null}}]}},"s":{"0":2,"1":2,"2":2,"3":0,"4":0,"5":0,"6":0,"7":0,"8":0,"9":0,"10":0,"11":0,"12":0,"13":0,"14":0,"15":0,"16":0,"17":0,"18":0,"19":0,"20":0,"21":0,"22":0,"23":0,"24":0,"25":0,"26":0,"27":0,"28":0,"29":0,"30":0,"31":0,"32":0,"33":0,"34":0,"35":0,"36":0,"37":0,"38":0,"39":0,"40":0,"41":0,"42":0,"43":0,"44":0,"45":0,"46":0,"47":0,"48":0,"49":0,"50":0,"51":0,"52":0,"53":0,"54":0,"55":0,"56":0,"57":0,"58":0,"59":0,"60":0,"61":0,"62":0,"63":0,"64":0,"65":0,"66":0,"67":0,"68":0,"69":0,"70":0,"71":2},"f":{"0":0,"1":0,"2":0,"3":0,"4":0,"5":0,"6":0,"7":0,"8":0,"9":0,"10":0,"11":0,"12":0,"13":0,"14":0,"15":0,"16":0,"17":0},"b":{"0":[0,0],"1":[0,0],"2":[0,0],"3":[0,0],"4":[0,0],"5":[0,0],"6":[0,0],"7":[0,0]}}
}
