TN:
SF:src/comment/LabeledCheckbox.tsx
FN:14,(anonymous_0)
FN:15,(anonymous_1)
FNF:2
FNH:2
FNDA:42,(anonymous_0)
FNDA:3,(anonymous_1)
DA:1,2
DA:2,2
DA:14,2
DA:15,42
DA:16,3
DA:19,42
LF:6
LH:6
BRF:0
BRH:0
end_of_record
TN:
SF:src/comment/LoginForm.tsx
FN:46,(anonymous_1)
FN:60,(anonymous_2)
FN:76,(anonymous_3)
FN:96,(anonymous_4)
FN:100,(anonymous_5)
FN:111,(anonymous_6)
FN:136,(anonymous_7)
FN:170,(anonymous_8)
FNF:8
FNH:8
FNDA:39,(anonymous_1)
FNDA:10,(anonymous_2)
FNDA:4,(anonymous_3)
FNDA:4,(anonymous_4)
FNDA:4,(anonymous_5)
FNDA:16,(anonymous_6)
FNDA:39,(anonymous_7)
FNDA:1,(anonymous_8)
DA:1,1
DA:2,1
DA:3,1
DA:4,1
DA:13,1
DA:14,1
DA:21,1
DA:44,1
DA:46,1
DA:47,39
DA:50,39
DA:54,39
DA:58,39
DA:60,39
DA:61,10
DA:62,10
DA:63,1
DA:64,1
DA:66,9
DA:67,9
DA:68,8
DA:69,8
DA:71,1
DA:72,1
DA:73,1
DA:76,39
DA:77,4
DA:78,4
DA:84,4
DA:97,4
DA:102,4
DA:103,1
DA:104,1
DA:105,1
DA:107,3
DA:111,39
DA:112,16
DA:113,16
DA:114,0
DA:116,16
DA:118,8
DA:119,8
DA:123,8
DA:126,8
DA:127,8
DA:131,8
DA:136,39
DA:137,39
DA:140,39
DA:141,39
DA:170,1
LF:51
LH:50
BRDA:62,0,0,1
BRDA:62,0,1,9
BRDA:67,1,0,8
BRDA:67,1,1,1
BRDA:98,2,0,4
BRDA:98,2,1,0
BRDA:102,3,0,1
BRDA:102,3,1,3
BRDA:107,4,0,1
BRDA:107,4,1,2
BRDA:113,5,0,0
BRDA:113,5,1,16
BRDA:117,6,0,8
BRDA:117,6,1,8
BRDA:121,7,0,1
BRDA:121,7,1,7
BRDA:129,8,0,1
BRDA:129,8,1,7
BRDA:137,9,0,39
BRDA:137,9,1,17
BRF:20
BRH:18
end_of_record
TN:
SF:src/comment/PollControl.tsx
FN:12,(anonymous_0)
FN:21,(anonymous_1)
FN:23,(anonymous_2)
FN:33,(anonymous_3)
FNF:4
FNH:4
FNDA:4,(anonymous_0)
FNDA:12,(anonymous_1)
FNDA:3,(anonymous_2)
FNDA:1,(anonymous_3)
DA:3,1
DA:12,1
DA:15,4
DA:22,12
DA:23,3
DA:33,1
LF:6
LH:6
BRF:0
BRH:0
end_of_record
TN:
SF:src/comment/SendCommentForm.tsx
FN:17,(anonymous_0)
FN:25,(anonymous_1)
FN:40,(anonymous_2)
FN:46,(anonymous_3)
FN:52,(anonymous_4)
FN:63,(anonymous_5)
FN:69,(anonymous_6)
FN:75,(anonymous_7)
FN:77,(anonymous_8)
FNF:9
FNH:8
FNDA:5,(anonymous_0)
FNDA:5,(anonymous_1)
FNDA:47,(anonymous_2)
FNDA:51,(anonymous_3)
FNDA:51,(anonymous_4)
FNDA:2,(anonymous_5)
FNDA:0,(anonymous_6)
FNDA:56,(anonymous_7)
FNDA:2,(anonymous_8)
DA:1,1
DA:13,1
DA:18,5
DA:19,5
DA:22,5
DA:25,5
DA:26,5
DA:27,1
DA:30,4
DA:31,4
DA:32,4
DA:33,4
DA:34,4
DA:40,5
DA:41,47
DA:46,5
DA:47,51
DA:48,1
DA:52,5
DA:53,51
DA:55,1
DA:56,1
DA:58,3
DA:59,3
DA:63,5
DA:64,2
DA:65,2
DA:66,2
DA:69,5
DA:70,0
DA:71,0
DA:72,0
DA:76,56
DA:77,2
LF:34
LH:31
BRDA:26,0,0,1
BRDA:26,0,1,4
BRDA:26,1,0,5
BRDA:26,1,1,3
BRDA:31,2,0,4
BRDA:31,2,1,0
BRDA:47,3,0,1
BRDA:47,3,1,50
BRDA:54,4,0,1
BRDA:54,4,1,3
BRF:10
BRH:9
end_of_record
TN:
SF:src/comment/pollHooks.ts
FN:10,useOnPoll
FN:13,(anonymous_7)
FN:26,useOnClosePoll
FN:29,(anonymous_9)
FN:31,(anonymous_10)
FNF:5
FNH:5
FNDA:1,useOnPoll
FNDA:1,(anonymous_7)
FNDA:2,useOnClosePoll
FNDA:2,(anonymous_9)
FNDA:2,(anonymous_10)
DA:1,1
DA:2,1
DA:8,1
DA:10,1
DA:13,1
DA:14,1
DA:15,1
DA:21,1
DA:22,1
DA:26,1
DA:29,2
DA:30,2
DA:31,2
DA:32,2
DA:33,2
DA:34,2
DA:35,1
LF:17
LH:17
BRDA:32,0,0,2
BRDA:32,0,1,0
BRDA:34,1,0,1
BRDA:34,1,1,1
BRF:4
BRH:3
end_of_record
TN:
SF:src/comment/types.ts
FN:28,isPlaySoundMessage
FNF:1
FNH:1
FNDA:4,isPlaySoundMessage
DA:1,2
DA:28,2
DA:30,4
LF:3
LH:3
BRDA:30,0,0,4
BRDA:30,0,1,4
BRDA:30,0,2,4
BRDA:30,0,3,3
BRF:4
BRH:4
end_of_record
TN:
SF:src/comment/webSocketHooks.ts
FN:17,useWebSocketOnOpen
FN:20,(anonymous_1)
FN:37,useWebSocketOnClose
FN:40,(anonymous_3)
FN:54,useWebSocketOnMessage
FN:64,(anonymous_5)
FN:89,(anonymous_6)
FNF:7
FNH:7
FNDA:2,useWebSocketOnOpen
FNDA:2,(anonymous_1)
FNDA:2,useWebSocketOnClose
FNDA:2,(anonymous_3)
FNDA:6,useWebSocketOnMessage
FNDA:6,(anonymous_5)
FNDA:1,(anonymous_6)
DA:1,1
DA:2,1
DA:11,1
DA:12,1
DA:13,1
DA:15,1
DA:17,1
DA:20,2
DA:21,2
DA:23,2
DA:24,2
DA:25,1
DA:27,1
DA:28,1
DA:32,1
DA:37,1
DA:40,2
DA:41,2
DA:43,1
DA:44,1
DA:45,1
DA:46,1
DA:48,1
DA:49,1
DA:54,1
DA:63,6
DA:64,6
DA:65,6
DA:67,6
DA:68,6
DA:69,6
DA:70,3
DA:71,3
DA:72,3
DA:73,1
DA:75,3
DA:76,3
DA:77,3
DA:78,1
DA:79,1
DA:80,1
DA:87,2
DA:88,1
DA:89,1
DA:90,1
DA:91,1
DA:93,1
DA:94,0
DA:95,0
DA:96,0
DA:97,0
DA:99,0
DA:102,0
DA:104,0
DA:106,1
DA:107,1
DA:110,5
DA:111,5
DA:112,1
LF:59
LH:52
BRDA:24,0,0,1
BRDA:24,0,1,1
BRDA:42,1,0,1
BRDA:42,1,1,1
BRDA:69,2,0,3
BRDA:69,2,1,3
BRDA:72,3,0,1
BRDA:72,3,1,2
BRDA:77,4,0,1
BRDA:77,4,1,2
BRDA:87,5,0,1
BRDA:87,5,1,1
BRDA:90,6,0,1
BRDA:90,6,1,0
BRDA:93,7,0,0
BRDA:93,7,1,1
BRDA:94,8,0,0
BRDA:94,8,1,0
BRDA:96,9,0,0
BRDA:96,9,1,0
BRDA:111,10,0,1
BRDA:111,10,1,4
BRDA:111,11,0,5
BRDA:111,11,1,1
BRDA:111,11,2,1
BRF:25
BRH:19
end_of_record
TN:
SF:src/comment/sound/NoteBlack.tsx
FN:3,(anonymous_0)
FNF:1
FNH:1
FNDA:5,(anonymous_0)
DA:3,1
DA:4,5
LF:2
LH:2
BRF:0
BRH:0
end_of_record
TN:
SF:src/comment/sound/SoundPlayer.tsx
FN:53,getNumberOptionValue
FN:58,setNumberOptionValue
FN:62,(anonymous_3)
FN:72,(anonymous_4)
FN:76,(anonymous_5)
FN:77,(anonymous_6)
FN:82,(anonymous_7)
FN:86,(anonymous_8)
FN:87,(anonymous_9)
FN:98,(anonymous_10)
FN:103,(anonymous_11)
FN:107,(anonymous_12)
FN:112,(anonymous_13)
FN:118,(anonymous_14)
FN:151,(anonymous_15)
FN:158,(anonymous_16)
FN:163,(anonymous_17)
FNF:17
FNH:15
FNDA:12,getNumberOptionValue
FNDA:2,setNumberOptionValue
FNDA:6,(anonymous_3)
FNDA:1,(anonymous_4)
FNDA:4,(anonymous_5)
FNDA:0,(anonymous_6)
FNDA:4,(anonymous_7)
FNDA:6,(anonymous_8)
FNDA:3,(anonymous_9)
FNDA:0,(anonymous_10)
FNDA:6,(anonymous_11)
FNDA:1,(anonymous_12)
FNDA:1,(anonymous_13)
FNDA:4,(anonymous_14)
FNDA:48,(anonymous_15)
FNDA:5,(anonymous_16)
FNDA:1,(anonymous_17)
DA:1,1
DA:2,1
DA:3,1
DA:4,1
DA:5,1
DA:6,1
DA:7,1
DA:8,1
DA:14,1
DA:20,1
DA:49,1
DA:54,12
DA:55,12
DA:59,2
DA:62,1
DA:63,6
DA:64,6
DA:65,6
DA:66,6
DA:67,6
DA:68,6
DA:69,6
DA:70,6
DA:71,6
DA:72,6
DA:73,1
DA:74,1
DA:76,6
DA:77,4
DA:78,0
DA:80,4
DA:82,4
DA:83,4
DA:86,6
DA:87,6
DA:88,3
DA:89,0
DA:90,0
DA:92,3
DA:93,0
DA:94,0
DA:96,3
DA:97,2
DA:98,2
DA:101,6
DA:103,6
DA:104,6
DA:107,6
DA:108,1
DA:109,1
DA:110,1
DA:112,6
DA:113,1
DA:114,1
DA:115,1
DA:118,6
DA:119,4
DA:124,4
DA:125,4
DA:132,6
DA:151,48
DA:159,5
DA:163,1
LF:63
LH:58
BRDA:55,0,0,2
BRDA:55,0,1,10
BRDA:88,1,0,0
BRDA:88,1,1,3
BRDA:92,2,0,0
BRDA:92,2,1,3
BRDA:96,3,0,2
BRDA:96,3,1,1
BRDA:108,4,0,0
BRDA:108,4,1,1
BRDA:119,5,0,0
BRDA:119,5,1,4
BRDA:120,6,0,0
BRDA:120,6,1,4
BRDA:121,7,0,0
BRDA:121,7,1,4
BRDA:122,8,0,0
BRDA:122,8,1,4
BRDA:125,9,0,0
BRDA:125,9,1,4
BRDA:126,10,0,0
BRDA:126,10,1,4
BRDA:127,11,0,0
BRDA:127,11,1,4
BRDA:128,12,0,0
BRDA:128,12,1,4
BRDA:158,13,0,6
BRDA:158,13,1,5
BRF:28
BRH:17
end_of_record
TN:
SF:src/comment/sound/db.ts
FN:13,open
FN:15,(anonymous_1)
FN:18,(anonymous_2)
FN:24,(anonymous_3)
FN:27,(anonymous_4)
FN:34,get
FN:36,(anonymous_6)
FN:42,(anonymous_7)
FN:46,(anonymous_8)
FN:53,getAll
FN:59,(anonymous_10)
FN:66,(anonymous_11)
FN:100,update
FN:113,(anonymous_13)
FN:120,(anonymous_14)
FN:128,(anonymous_15)
FN:129,(anonymous_16)
FNF:17
FNH:0
FNDA:0,open
FNDA:0,(anonymous_1)
FNDA:0,(anonymous_2)
FNDA:0,(anonymous_3)
FNDA:0,(anonymous_4)
FNDA:0,get
FNDA:0,(anonymous_6)
FNDA:0,(anonymous_7)
FNDA:0,(anonymous_8)
FNDA:0,getAll
FNDA:0,(anonymous_10)
FNDA:0,(anonymous_11)
FNDA:0,update
FNDA:0,(anonymous_13)
FNDA:0,(anonymous_14)
FNDA:0,(anonymous_15)
FNDA:0,(anonymous_16)
DA:1,2
DA:3,2
DA:4,2
DA:5,2
DA:11,2
DA:14,0
DA:16,0
DA:17,0
DA:18,0
DA:19,0
DA:20,0
DA:21,0
DA:24,0
DA:25,0
DA:27,0
DA:28,0
DA:34,2
DA:35,0
DA:36,0
DA:37,0
DA:38,0
DA:39,0
DA:40,0
DA:42,0
DA:43,0
DA:44,0
DA:46,0
DA:47,0
DA:48,0
DA:53,2
DA:58,0
DA:59,0
DA:60,0
DA:61,0
DA:62,0
DA:63,0
DA:65,0
DA:66,0
DA:67,0
DA:68,0
DA:69,0
DA:70,0
DA:71,0
DA:73,0
DA:74,0
DA:75,0
DA:77,0
DA:78,0
DA:79,0
DA:80,0
DA:81,0
DA:83,0
DA:85,0
DA:100,2
DA:105,0
DA:106,0
DA:107,0
DA:108,0
DA:109,0
DA:111,0
DA:112,0
DA:114,0
DA:115,0
DA:116,0
DA:118,0
DA:121,0
DA:122,0
DA:123,0
DA:125,0
DA:128,0
DA:129,0
DA:132,0
DA:134,0
DA:135,0
DA:137,0
LF:75
LH:8
BRDA:38,0,0,0
BRDA:38,0,1,0
BRDA:43,1,0,0
BRDA:43,1,1,0
BRDA:61,2,0,0
BRDA:61,2,1,0
BRDA:68,3,0,0
BRDA:68,3,1,0
BRDA:73,4,0,0
BRDA:73,4,1,0
BRDA:80,5,0,0
BRDA:80,5,1,0
BRDA:115,6,0,0
BRDA:115,6,1,0
BRDA:122,7,0,0
BRDA:122,7,1,0
BRF:16
BRH:0
end_of_record
TN:
SF:src/comment/sound/hooks.ts
FN:47,isStoredSoundMetadata
FN:54,normalizeSoundFileDefinition
FN:74,trimAcceptableSuffix
FN:83,isSoundsAvailable
FN:102,(anonymous_4)
FN:120,storeSounds
FN:133,(anonymous_6)
FN:149,(anonymous_7)
FN:150,(anonymous_8)
FN:152,(anonymous_9)
FN:178,useExistsSounds
FN:181,(anonymous_11)
FN:188,(anonymous_12)
FN:193,(anonymous_13)
FN:195,(anonymous_14)
FN:199,(anonymous_15)
FN:208,useSoundMetadata
FN:215,(anonymous_17)
FN:222,(anonymous_18)
FN:243,(anonymous_19)
FN:261,usePlaySound
FN:264,(anonymous_21)
FN:271,(anonymous_22)
FN:276,(anonymous_23)
FN:283,(anonymous_24)
FN:289,(anonymous_25)
FNF:26
FNH:26
FNDA:5,isStoredSoundMetadata
FNDA:6,normalizeSoundFileDefinition
FNDA:7,trimAcceptableSuffix
FNDA:4,isSoundsAvailable
FNDA:4,(anonymous_4)
FNDA:2,storeSounds
FNDA:2,(anonymous_6)
FNDA:6,(anonymous_7)
FNDA:6,(anonymous_8)
FNDA:1,(anonymous_9)
FNDA:7,useExistsSounds
FNDA:5,(anonymous_11)
FNDA:4,(anonymous_12)
FNDA:1,(anonymous_13)
FNDA:3,(anonymous_14)
FNDA:1,(anonymous_15)
FNDA:14,useSoundMetadata
FNDA:4,(anonymous_17)
FNDA:5,(anonymous_18)
FNDA:3,(anonymous_19)
FNDA:3,usePlaySound
FNDA:3,(anonymous_21)
FNDA:1,(anonymous_22)
FNDA:1,(anonymous_23)
FNDA:1,(anonymous_24)
FNDA:3,(anonymous_25)
DA:1,2
DA:2,2
DA:3,2
DA:4,2
DA:5,2
DA:7,2
DA:8,2
DA:9,2
DA:10,2
DA:11,2
DA:45,2
DA:48,5
DA:55,6
DA:56,3
DA:57,1
DA:59,2
DA:60,2
DA:62,0
DA:64,3
DA:65,0
DA:67,3
DA:68,0
DA:69,1
DA:70,2
DA:75,7
DA:76,10
DA:77,6
DA:80,1
DA:88,4
DA:90,4
DA:103,4
DA:105,4
DA:106,1
DA:112,3
DA:113,3
DA:121,2
DA:134,2
DA:136,2
DA:137,1
DA:140,1
DA:141,1
DA:142,1
DA:143,1
DA:144,1
DA:145,1
DA:146,1
DA:149,6
DA:150,6
DA:152,1
DA:153,1
DA:154,1
DA:156,1
DA:157,1
DA:158,7
DA:159,7
DA:160,1
DA:162,6
DA:163,6
DA:164,0
DA:166,6
DA:167,6
DA:168,6
DA:170,6
DA:171,6
DA:172,6
DA:173,6
DA:178,2
DA:179,7
DA:181,7
DA:182,5
DA:183,5
DA:184,1
DA:187,4
DA:188,4
DA:189,4
DA:190,1
DA:192,3
DA:193,1
DA:196,3
DA:197,2
DA:200,1
DA:204,7
DA:208,2
DA:212,14
DA:213,14
DA:215,14
DA:216,4
DA:217,4
DA:218,4
DA:219,1
DA:222,3
DA:223,5
DA:224,5
DA:225,1
DA:227,4
DA:228,4
DA:229,4
DA:230,4
DA:231,3
DA:232,1
DA:233,2
DA:234,2
DA:235,4
DA:239,4
DA:240,1
DA:242,4
DA:244,3
DA:245,3
DA:246,3
DA:247,4
DA:248,4
DA:249,6
DA:253,3
DA:254,3
DA:258,14
DA:261,2
DA:264,3
DA:265,3
DA:266,3
DA:267,3
DA:268,3
DA:269,3
DA:270,3
DA:271,3
DA:272,1
DA:273,1
DA:274,1
DA:275,1
DA:276,1
DA:277,1
DA:278,1
DA:279,1
DA:280,1
DA:283,3
DA:284,1
DA:285,1
DA:286,1
DA:287,1
DA:289,3
DA:290,3
DA:291,1
DA:292,1
DA:293,1
DA:294,1
DA:295,1
DA:297,2
DA:298,2
LF:147
LH:143
BRDA:48,0,0,5
BRDA:48,0,1,5
BRDA:48,0,2,5
BRDA:48,0,3,4
BRDA:48,0,4,2
BRDA:55,1,0,3
BRDA:55,1,1,3
BRDA:56,2,0,1
BRDA:56,2,1,2
BRDA:59,3,0,2
BRDA:59,3,1,0
BRDA:59,4,0,2
BRDA:59,4,1,2
BRDA:64,5,0,0
BRDA:64,5,1,3
BRDA:64,6,0,3
BRDA:64,6,1,3
BRDA:64,6,2,2
BRDA:68,7,0,0
BRDA:68,7,1,1
BRDA:68,7,2,2
BRDA:76,8,0,6
BRDA:76,8,1,4
BRDA:103,9,0,3
BRDA:103,9,1,1
BRDA:105,10,0,1
BRDA:105,10,1,3
BRDA:134,11,0,1
BRDA:134,11,1,1
BRDA:136,12,0,1
BRDA:136,12,1,1
BRDA:159,13,0,1
BRDA:159,13,1,6
BRDA:163,14,0,0
BRDA:163,14,1,6
BRDA:167,15,0,6
BRDA:167,15,1,1
BRDA:168,16,0,6
BRDA:168,16,1,2
BRDA:183,17,0,1
BRDA:183,17,1,4
BRDA:189,18,0,1
BRDA:189,18,1,3
BRDA:193,19,0,2
BRDA:193,19,1,1
BRDA:196,20,0,2
BRDA:196,20,1,1
BRDA:218,21,0,1
BRDA:218,21,1,3
BRDA:224,22,0,1
BRDA:224,22,1,4
BRDA:230,23,0,3
BRDA:230,23,1,1
BRDA:231,24,0,1
BRDA:231,24,1,2
BRDA:233,25,0,2
BRDA:233,25,1,0
BRDA:239,26,0,1
BRDA:239,26,1,3
BRDA:258,27,0,7
BRDA:258,27,1,7
BRDA:258,28,0,14
BRDA:258,28,1,10
BRDA:280,29,0,1
BRDA:280,29,1,1
BRDA:287,30,0,1
BRDA:287,30,1,1
BRDA:290,31,0,1
BRDA:290,31,1,2
BRDA:294,32,0,1
BRDA:294,32,1,1
BRF:71
BRH:66
end_of_record
TN:
SF:src/comment/utils/pages.ts
FN:1,goToLoginPage
FN:5,gotoCommentPage
FNF:2
FNH:0
FNDA:0,goToLoginPage
FNDA:0,gotoCommentPage
DA:1,2
DA:2,0
DA:5,2
DA:6,0
LF:4
LH:2
BRF:0
BRH:0
end_of_record
TN:
SF:src/comment/utils/token.ts
FN:4,useToken
FN:5,(anonymous_2)
FNF:2
FNH:2
FNDA:6,useToken
FNDA:4,(anonymous_2)
DA:1,1
DA:2,1
DA:4,1
DA:5,6
DA:6,4
DA:7,4
DA:8,0
DA:10,4
DA:11,4
DA:12,0
DA:14,4
LF:11
LH:9
BRDA:7,0,0,0
BRDA:7,0,1,4
BRDA:11,1,0,0
BRDA:11,1,1,4
BRDA:11,2,0,4
BRDA:11,2,1,4
BRF:6
BRH:4
end_of_record
TN:
SF:src/common/Deffered.ts
FN:5,(anonymous_0)
FN:9,(anonymous_1)
FN:15,(anonymous_2)
FN:19,(anonymous_3)
FN:26,(anonymous_4)
FNF:5
FNH:5
FNDA:5,(anonymous_0)
FNDA:5,(anonymous_1)
FNDA:7,(anonymous_2)
FNDA:2,(anonymous_3)
FNDA:1,(anonymous_4)
DA:1,10
DA:6,5
DA:7,5
DA:9,5
DA:10,5
DA:11,5
DA:16,7
DA:20,2
DA:21,0
DA:23,2
DA:27,1
DA:28,0
DA:30,1
LF:13
LH:11
BRDA:20,0,0,0
BRDA:20,0,1,2
BRDA:27,1,0,0
BRDA:27,1,1,1
BRF:4
BRH:2
end_of_record
TN:
SF:src/common/Logger.ts
FN:8,pad0
FN:12,pad00
FN:24,(anonymous_3)
FN:53,getLogger
FN:57,setDefaultLogLevel
FN:70,parseLogLevel
FNF:6
FNH:4
FNDA:235,pad0
FNDA:47,pad00
FNDA:47,(anonymous_3)
FNDA:29,getLogger
FNDA:0,setDefaultLogLevel
FNDA:0,parseLogLevel
DA:1,22
DA:9,235
DA:13,47
DA:22,22
DA:25,47
DA:26,47
DA:33,47
DA:53,22
DA:54,29
DA:57,22
DA:58,0
DA:61,22
DA:70,22
DA:71,0
DA:72,0
DA:74,0
DA:75,0
DA:76,0
DA:77,0
DA:78,0
DA:79,0
DA:80,0
DA:81,0
DA:82,0
LF:24
LH:12
BRDA:9,0,0,19
BRDA:9,0,1,216
BRDA:14,1,0,0
BRDA:14,1,1,47
BRDA:16,2,0,0
BRDA:16,2,1,47
BRDA:71,3,0,0
BRDA:71,3,1,0
BRDA:76,4,0,0
BRDA:76,4,1,0
BRDA:76,4,2,0
BRDA:76,4,3,0
BRDA:76,4,4,0
BRDA:76,4,5,0
BRDA:76,4,6,0
BRF:15
BRH:4
end_of_record
TN:
SF:src/common/Message.ts
FN:59,isCommentMessage
FN:63,isAcnMessage
FN:67,isAcnTokenMessage
FN:71,isAcnOkMessage
FN:78,isErrorMessage
FN:82,isApplicationMessage
FN:86,isClientMessage
FNF:7
FNH:7
FNDA:18,isCommentMessage
FNDA:11,isAcnMessage
FNDA:5,isAcnTokenMessage
FNDA:17,isAcnOkMessage
FNDA:6,isErrorMessage
FNDA:3,isApplicationMessage
FNDA:11,isClientMessage
DA:1,12
DA:3,12
DA:11,12
DA:59,12
DA:60,18
DA:63,12
DA:64,11
DA:67,12
DA:68,5
DA:71,12
DA:72,17
DA:78,12
DA:79,6
DA:82,12
DA:83,3
DA:86,12
DA:87,11
LF:17
LH:17
BRDA:60,0,0,18
BRDA:60,0,1,17
BRDA:64,1,0,11
BRDA:64,1,1,10
BRDA:64,1,2,8
BRDA:64,1,3,5
BRDA:68,2,0,5
BRDA:68,2,1,5
BRDA:68,2,2,5
BRDA:72,3,0,17
BRDA:72,3,1,17
BRDA:72,3,2,5
BRDA:72,3,3,4
BRDA:79,4,0,6
BRDA:79,4,1,5
BRDA:83,5,0,3
BRDA:83,5,1,2
BRDA:87,6,0,11
BRDA:87,6,1,10
BRDA:87,6,2,7
BRF:20
BRH:20
end_of_record
TN:
SF:src/common/assert.ts
FN:1,assertNotNullable
FNF:1
FNH:1
FNDA:56,assertNotNullable
DA:1,11
DA:2,56
DA:3,2
LF:3
LH:3
BRDA:2,0,0,2
BRDA:2,0,1,54
BRDA:2,1,0,56
BRDA:2,1,1,55
BRF:4
BRH:4
end_of_record
TN:
SF:src/common/index.ts
FN:5,createHash
FN:10,(anonymous_5)
FN:11,(anonymous_6)
FN:14,(anonymous_7)
FN:15,(anonymous_8)
FN:16,(anonymous_9)
FN:17,(anonymous_10)
FNF:7
FNH:4
FNDA:4,createHash
FNDA:7,(anonymous_5)
FNDA:0,(anonymous_6)
FNDA:8,(anonymous_7)
FNDA:0,(anonymous_8)
FNDA:19,(anonymous_9)
FNDA:0,(anonymous_10)
DA:1,8
DA:3,8
DA:5,8
DA:6,4
DA:9,8
DA:10,15
DA:11,8
DA:13,8
DA:14,16
DA:15,8
DA:16,27
DA:17,8
LF:12
LH:12
BRF:0
BRH:0
end_of_record
TN:
SF:src/common/utils.ts
FN:3,createHash
FN:7,getRandomInteger
FN:11,isObject
FN:15,fetchWithTimeout
FN:21,(anonymous_4)
FNF:5
FNH:4
FNDA:3,createHash
FNDA:26,getRandomInteger
FNDA:162,isObject
FNDA:10,fetchWithTimeout
FNDA:0,(anonymous_4)
DA:1,16
DA:3,16
DA:4,3
DA:7,16
DA:8,26
DA:11,16
DA:12,162
DA:15,16
DA:20,10
DA:21,10
DA:22,10
DA:23,10
DA:33,10
LF:13
LH:13
BRDA:12,0,0,162
BRDA:12,0,1,160
BRDA:24,1,0,10
BRDA:24,1,1,0
BRF:4
BRH:3
end_of_record
TN:
SF:src/desktop/settings.ts
FN:43,isV0
FN:47,isV1
FN:51,setDefaultIfNotMatchType
FN:58,loadDefault
FN:85,parse
FNF:5
FNH:5
FNDA:2,isV0
FNDA:3,isV1
FNDA:16,setDefaultIfNotMatchType
FNDA:7,loadDefault
FNDA:3,parse
DA:5,1
DA:44,2
DA:48,3
DA:52,16
DA:53,16
DA:54,2
DA:58,1
DA:59,7
DA:85,1
DA:86,3
DA:87,3
DA:88,3
DA:90,1
DA:91,9
DA:94,1
DA:95,7
DA:97,1
DA:99,2
DA:100,1
DA:116,1
LF:20
LH:20
BRDA:53,0,0,2
BRDA:53,0,1,14
BRDA:88,1,0,1
BRDA:88,1,1,2
BRDA:99,2,0,1
BRDA:99,2,1,1
BRDA:103,3,0,1
BRDA:103,3,1,0
BRDA:104,4,0,1
BRDA:104,4,1,0
BRDA:105,5,0,1
BRDA:105,5,1,0
BRDA:106,6,0,1
BRDA:106,6,1,0
BRDA:107,7,0,1
BRDA:107,7,1,0
BRDA:108,8,0,1
BRDA:108,8,1,0
BRF:18
BRH:12
end_of_record
TN:
SF:src/desktop/settings/General.tsx
FN:53,(anonymous_1)
FN:54,(anonymous_2)
FN:55,(anonymous_3)
FN:56,(anonymous_4)
FN:57,(anonymous_5)
FN:58,(anonymous_6)
FN:60,TF
FN:87,(anonymous_8)
FN:108,(anonymous_9)
FN:116,(anonymous_10)
FN:117,(anonymous_11)
FN:119,(anonymous_12)
FN:126,onTextFieldChange
FN:128,(anonymous_14)
FN:136,onSelectChange
FN:143,onCheckboxChange
FN:197,(anonymous_17)
FN:206,(anonymous_18)
FNF:18
FNH:17
FNDA:2,(anonymous_1)
FNDA:2,(anonymous_2)
FNDA:2,(anonymous_3)
FNDA:3,(anonymous_4)
FNDA:5,(anonymous_5)
FNDA:2,(anonymous_6)
FNDA:238,TF
FNDA:34,(anonymous_8)
FNDA:1,(anonymous_9)
FNDA:9,(anonymous_10)
FNDA:9,(anonymous_11)
FNDA:27,(anonymous_12)
FNDA:17,onTextFieldChange
FNDA:68,(anonymous_14)
FNDA:0,onSelectChange
FNDA:2,onCheckboxChange
FNDA:75,(anonymous_17)
FNDA:25,(anonymous_18)
DA:1,1
DA:2,1
DA:13,1
DA:15,1
DA:19,1
DA:26,1
DA:28,1
DA:53,2
DA:54,2
DA:55,2
DA:56,3
DA:57,5
DA:58,2
DA:64,238
DA:65,238
DA:66,238
DA:87,1
DA:88,34
DA:91,34
DA:94,34
DA:97,34
DA:100,34
DA:103,34
DA:106,34
DA:107,34
DA:108,1
DA:110,34
DA:114,34
DA:116,34
DA:117,9
DA:118,9
DA:119,27
DA:120,9
DA:121,9
DA:127,17
DA:128,68
DA:129,17
DA:130,0
DA:132,17
DA:133,17
DA:137,0
DA:138,0
DA:139,0
DA:140,0
DA:144,2
DA:145,2
DA:148,34
DA:150,34
DA:198,75
DA:206,25
LF:50
LH:45
BRDA:56,0,0,3
BRDA:56,0,1,2
BRDA:57,1,0,5
BRDA:57,1,1,3
BRDA:57,1,2,2
BRDA:74,2,0,34
BRDA:74,2,1,204
BRDA:81,3,0,6
BRDA:81,3,1,232
BRDA:129,4,0,0
BRDA:129,4,1,17
BRDA:187,5,0,34
BRDA:187,5,1,25
BRF:13
BRH:12
end_of_record
TN:
SF:src/desktop/settings/Watermark.tsx
FN:38,(anonymous_1)
FN:39,(anonymous_2)
FN:40,(anonymous_3)
FN:41,(anonymous_4)
FN:45,(anonymous_5)
FN:61,onTextFieldChange
FN:64,(anonymous_7)
FN:74,onSelectChange
FN:79,onCheckboxChange
FN:89,(anonymous_10)
FN:121,(anonymous_11)
FNF:11
FNH:10
FNDA:19,(anonymous_1)
FNDA:3,(anonymous_2)
FNDA:2,(anonymous_3)
FNDA:6,(anonymous_4)
FNDA:1,(anonymous_5)
FNDA:12,onTextFieldChange
FNDA:41,(anonymous_7)
FNDA:0,onSelectChange
FNDA:2,onCheckboxChange
FNDA:95,(anonymous_10)
FNDA:76,(anonymous_11)
DA:1,1
DA:2,1
DA:12,1
DA:13,1
DA:14,1
DA:18,1
DA:20,1
DA:32,1
DA:38,1
DA:39,19
DA:40,19
DA:41,19
DA:42,19
DA:43,19
DA:45,1
DA:62,12
DA:63,12
DA:64,41
DA:66,12
DA:67,0
DA:69,12
DA:70,12
DA:71,12
DA:75,0
DA:76,0
DA:80,2
DA:81,2
DA:84,19
DA:86,19
DA:90,95
DA:91,95
DA:92,95
DA:122,76
LF:33
LH:30
BRDA:39,0,0,3
BRDA:39,0,1,2
BRDA:39,0,2,2
BRDA:66,1,0,0
BRDA:66,1,1,12
BRDA:106,2,0,4
BRDA:106,2,1,91
BRDA:117,3,0,19
BRDA:117,3,1,0
BRF:9
BRH:7
end_of_record
TN:
SF:src/desktop/settings/createTextFieldMetadata.ts
FN:12,createTextFieldMetadata
FNF:1
FNH:1
FNDA:333,createTextFieldMetadata
DA:12,2
DA:20,333
LF:2
LH:2
BRF:0
BRH:0
end_of_record
TN:
SF:src/desktop/settings/hooks.ts
FN:18,useValue
FN:29,useSettingsState
FN:51,(anonymous_2)
FN:52,(anonymous_3)
FN:85,useOnGeneralSettingsUpdate
FN:88,(anonymous_5)
FN:111,useOnWatermarkSettingsUpdate
FN:114,(anonymous_7)
FN:138,useOnSubmit
FN:141,(anonymous_9)
FN:169,(anonymous_10)
FN:173,useHasError
FN:174,(anonymous_12)
FNF:13
FNH:11
FNDA:272,useValue
FNDA:17,useSettingsState
FNDA:1,(anonymous_2)
FNDA:1,(anonymous_3)
FNDA:3,useOnGeneralSettingsUpdate
FNDA:9,(anonymous_5)
FNDA:3,useOnWatermarkSettingsUpdate
FNDA:7,(anonymous_7)
FNDA:1,useOnSubmit
FNDA:1,(anonymous_9)
FNDA:1,(anonymous_10)
FNDA:0,useHasError
FNDA:0,(anonymous_12)
DA:1,1
DA:2,1
DA:14,1
DA:16,1
DA:19,272
DA:23,272
DA:29,1
DA:30,17
DA:41,17
DA:51,17
DA:52,1
DA:53,1
DA:55,1
DA:56,1
DA:57,1
DA:58,1
DA:59,1
DA:60,1
DA:61,1
DA:62,1
DA:63,1
DA:64,1
DA:66,1
DA:67,1
DA:68,1
DA:69,1
DA:70,1
DA:71,1
DA:72,1
DA:73,1
DA:79,17
DA:85,1
DA:88,3
DA:89,9
DA:97,7
DA:98,7
DA:100,1
DA:101,1
DA:103,1
DA:104,1
DA:106,0
DA:111,1
DA:114,3
DA:115,7
DA:121,5
DA:122,5
DA:124,1
DA:125,0
DA:127,1
DA:128,1
DA:130,1
DA:131,1
DA:133,0
DA:138,1
DA:141,1
DA:142,1
DA:143,1
DA:144,1
DA:145,1
DA:168,1
DA:169,1
DA:173,1
DA:174,0
DA:176,0
DA:177,0
DA:178,0
DA:182,0
DA:183,0
DA:184,0
DA:187,0
LF:70
LH:59
BRDA:90,0,0,1
BRDA:90,0,1,2
BRDA:90,0,2,3
BRDA:90,0,3,4
BRDA:90,0,4,5
BRDA:90,0,5,6
BRDA:90,0,6,7
BRDA:90,0,7,1
BRDA:90,0,8,1
BRDA:90,0,9,0
BRDA:116,1,0,1
BRDA:116,1,1,2
BRDA:116,1,2,3
BRDA:116,1,3,4
BRDA:116,1,4,5
BRDA:116,1,5,1
BRDA:116,1,6,1
BRDA:116,1,7,0
BRDA:124,2,0,0
BRDA:124,2,1,1
BRDA:177,3,0,0
BRDA:177,3,1,0
BRDA:183,4,0,0
BRDA:183,4,1,0
BRF:24
BRH:17
end_of_record
TN:
SF:src/desktop/settings/types.ts
FN:47,isWatermarkPosition
FNF:1
FNH:1
FNDA:1,isWatermarkPosition
DA:38,2
DA:47,2
DA:49,1
LF:3
LH:3
BRF:0
BRH:0
end_of_record
TN:
SF:src/poll/Choice.tsx
FN:26,elementIdOf
FN:30,useBlinkCountedUpEntries
FN:35,(anonymous_3)
FN:37,(anonymous_4)
FN:40,(anonymous_5)
FN:45,(anonymous_6)
FN:46,(anonymous_7)
FN:58,(anonymous_8)
FN:61,(anonymous_9)
FN:62,(anonymous_10)
FN:71,(anonymous_11)
FN:76,Choice
FN:85,(anonymous_13)
FN:89,(anonymous_14)
FN:101,(anonymous_15)
FN:110,(anonymous_16)
FNF:16
FNH:16
FNDA:39,elementIdOf
FNDA:41,useBlinkCountedUpEntries
FNDA:19,(anonymous_3)
FNDA:26,(anonymous_4)
FNDA:13,(anonymous_5)
FNDA:6,(anonymous_6)
FNDA:3,(anonymous_7)
FNDA:1,(anonymous_8)
FNDA:3,(anonymous_9)
FNDA:3,(anonymous_10)
FNDA:6,(anonymous_11)
FNDA:37,Choice
FNDA:16,(anonymous_13)
FNDA:8,(anonymous_14)
FNDA:36,(anonymous_15)
FNDA:4,(anonymous_16)
DA:1,2
DA:2,2
DA:3,2
DA:6,2
DA:7,2
DA:27,39
DA:30,2
DA:32,41
DA:33,41
DA:35,41
DA:36,19
DA:37,26
DA:38,11
DA:40,13
DA:41,6
DA:44,2
DA:45,6
DA:46,3
DA:47,2
DA:48,3
DA:49,3
DA:50,0
DA:52,3
DA:53,3
DA:54,0
DA:58,3
DA:59,3
DA:60,3
DA:61,3
DA:62,3
DA:63,3
DA:67,3
DA:71,6
DA:76,2
DA:83,37
DA:84,37
DA:85,37
DA:86,16
DA:87,13
DA:89,8
DA:91,3
DA:94,37
DA:95,1
DA:98,36
DA:99,36
DA:102,36
DA:110,4
LF:47
LH:45
BRDA:36,0,0,11
BRDA:36,0,1,8
BRDA:40,1,0,6
BRDA:40,1,1,2
BRDA:49,2,0,0
BRDA:49,2,1,3
BRDA:53,3,0,0
BRDA:53,3,1,3
BRDA:86,4,0,13
BRDA:86,4,1,3
BRDA:86,5,0,16
BRDA:86,5,1,14
BRDA:86,5,2,12
BRDA:94,6,0,1
BRDA:94,6,1,36
BRDA:103,7,0,1
BRDA:103,7,1,35
BRDA:103,8,0,36
BRDA:103,8,1,5
BRDA:110,9,0,18
BRDA:110,9,1,18
BRDA:115,10,0,5
BRDA:115,10,1,31
BRF:23
BRH:21
end_of_record
TN:
SF:src/poll/Poll.tsx
FN:25,(anonymous_1)
FN:57,(anonymous_2)
FN:64,(anonymous_3)
FN:68,(anonymous_4)
FN:76,(anonymous_5)
FN:78,(anonymous_6)
FN:87,(anonymous_7)
FN:92,(anonymous_8)
FN:95,(anonymous_9)
FN:99,(anonymous_10)
FN:103,onResultTypeChanged
FN:115,(anonymous_12)
FN:117,(anonymous_13)
FN:119,(anonymous_14)
FN:137,(anonymous_15)
FNF:15
FNH:14
FNDA:2,(anonymous_1)
FNDA:33,(anonymous_2)
FNDA:1,(anonymous_3)
FNDA:3,(anonymous_4)
FNDA:3,(anonymous_5)
FNDA:8,(anonymous_6)
FNDA:1,(anonymous_7)
FNDA:1,(anonymous_8)
FNDA:1,(anonymous_9)
FNDA:1,(anonymous_10)
FNDA:0,onResultTypeChanged
FNDA:16,(anonymous_12)
FNDA:12,(anonymous_13)
FNDA:12,(anonymous_14)
FNDA:7,(anonymous_15)
DA:1,1
DA:2,1
DA:3,1
DA:4,1
DA:5,1
DA:7,1
DA:8,1
DA:9,1
DA:10,1
DA:12,1
DA:25,2
DA:57,1
DA:58,33
DA:59,32
DA:60,32
DA:61,32
DA:62,32
DA:64,32
DA:65,1
DA:66,1
DA:68,32
DA:69,3
DA:74,3
DA:76,32
DA:77,3
DA:78,8
DA:79,4
DA:80,0
DA:82,4
DA:85,3
DA:87,32
DA:89,1
DA:90,1
DA:92,32
DA:93,1
DA:95,32
DA:96,1
DA:97,1
DA:99,32
DA:100,1
DA:104,0
DA:107,0
DA:108,0
DA:110,0
DA:111,0
DA:115,32
DA:116,16
DA:117,12
DA:119,12
DA:122,16
DA:125,32
DA:137,7
LF:52
LH:46
BRDA:79,0,0,0
BRDA:79,0,1,4
BRDA:90,1,0,1
BRDA:90,1,1,1
BRDA:93,2,0,1
BRDA:93,2,1,1
BRDA:97,3,0,1
BRDA:97,3,1,1
BRDA:100,4,0,1
BRDA:100,4,1,1
BRDA:105,5,0,0
BRDA:105,5,1,0
BRDA:105,5,2,0
BRDA:160,6,0,5
BRDA:160,6,1,27
BRF:15
BRH:11
end_of_record
TN:
SF:src/poll/PollEdit.tsx
FN:9,PollEdit
FN:19,onClick
FN:43,(anonymous_2)
FNF:3
FNH:3
FNDA:104,PollEdit
FNDA:4,onClick
FNDA:66,(anonymous_2)
DA:1,2
DA:2,2
DA:9,2
DA:17,104
DA:20,4
DA:21,4
DA:24,104
DA:25,7
DA:28,97
DA:43,66
LF:10
LH:10
BRDA:24,0,0,7
BRDA:24,0,1,97
BRF:2
BRH:2
end_of_record
TN:
SF:src/poll/PollResult.tsx
FN:48,calcBarAttributes
FN:60,(anonymous_1)
FN:61,(anonymous_2)
FN:64,(anonymous_3)
FN:75,TypeSelect
FN:89,CloseButton
FN:113,PollResult
FN:117,(anonymous_7)
FN:128,(anonymous_8)
FNF:9
FNH:9
FNDA:18,calcBarAttributes
FNDA:14,(anonymous_1)
FNDA:5,(anonymous_2)
FNDA:14,(anonymous_3)
FNDA:4,TypeSelect
FNDA:4,CloseButton
FNDA:37,PollResult
FNDA:21,(anonymous_7)
FNDA:2,(anonymous_8)
DA:1,2
DA:2,2
DA:9,2
DA:30,2
DA:49,18
DA:54,18
DA:55,9
DA:59,9
DA:60,14
DA:61,5
DA:62,9
DA:63,9
DA:65,14
DA:66,14
DA:67,14
DA:68,14
DA:69,14
DA:70,14
DA:71,14
DA:79,4
DA:90,4
DA:100,2
DA:113,2
DA:116,37
DA:117,37
DA:118,21
DA:119,3
DA:121,18
DA:122,18
DA:123,18
DA:124,18
DA:125,18
DA:126,18
DA:128,37
DA:129,2
DA:130,2
DA:131,2
DA:132,2
DA:136,37
DA:137,33
DA:139,4
DA:140,4
DA:148,0
LF:43
LH:42
BRDA:54,0,0,9
BRDA:54,0,1,9
BRDA:67,1,0,14
BRDA:67,1,1,0
BRDA:70,2,0,14
BRDA:70,2,1,0
BRDA:118,3,0,3
BRDA:118,3,1,18
BRDA:118,4,0,21
BRDA:118,4,1,18
BRDA:130,5,0,2
BRDA:130,5,1,0
BRDA:130,6,0,2
BRDA:130,6,1,1
BRDA:136,7,0,33
BRDA:136,7,1,4
BRDA:136,8,0,37
BRDA:136,8,1,37
BRDA:136,8,2,4
BRDA:139,9,0,4
BRDA:139,9,1,0
BRF:21
BRH:17
end_of_record
TN:
SF:src/poll/Polling.tsx
FN:27,Polling
FN:59,(anonymous_1)
FNF:2
FNH:1
FNDA:6,Polling
FNDA:0,(anonymous_1)
DA:1,2
DA:2,2
DA:6,2
DA:10,2
DA:16,2
DA:25,2
DA:27,2
DA:36,6
DA:37,6
DA:38,6
DA:39,6
DA:40,6
DA:42,6
DA:43,6
DA:44,6
DA:45,6
DA:46,6
DA:48,6
DA:59,0
LF:19
LH:18
BRF:0
BRH:0
end_of_record
TN:
SF:src/poll/pollingHooks.ts
FN:10,useAcnOk
FN:13,(anonymous_1)
FN:15,(anonymous_2)
FN:21,(anonymous_3)
FN:30,useOnMessage
FN:36,(anonymous_5)
FN:61,useOnOpen
FN:66,(anonymous_7)
FN:78,useOnClose
FN:79,(anonymous_9)
FN:86,useOnClick
FN:92,(anonymous_11)
FN:109,useOnUnmount
FN:114,(anonymous_13)
FN:115,(anonymous_14)
FNF:15
FNH:15
FNDA:7,useAcnOk
FNDA:3,(anonymous_1)
FNDA:1,(anonymous_2)
FNDA:3,(anonymous_3)
FNDA:13,useOnMessage
FNDA:10,(anonymous_5)
FNDA:7,useOnOpen
FNDA:7,(anonymous_7)
FNDA:7,useOnClose
FNDA:1,(anonymous_9)
FNDA:7,useOnClick
FNDA:3,(anonymous_11)
FNDA:7,useOnUnmount
FNDA:3,(anonymous_13)
FNDA:3,(anonymous_14)
DA:1,3
DA:2,3
DA:3,3
DA:5,3
DA:6,3
DA:8,3
DA:10,3
DA:13,7
DA:14,3
DA:15,3
DA:16,1
DA:21,3
DA:23,1
DA:24,1
DA:26,3
DA:30,3
DA:36,13
DA:37,10
DA:38,10
DA:39,1
DA:40,1
DA:42,9
DA:43,2
DA:46,7
DA:47,7
DA:48,7
DA:49,1
DA:51,6
DA:52,6
DA:53,6
DA:54,6
DA:55,2
DA:57,6
DA:61,3
DA:66,7
DA:67,7
DA:69,7
DA:74,7
DA:78,3
DA:79,7
DA:80,1
DA:81,1
DA:86,3
DA:92,7
DA:93,3
DA:94,3
DA:95,3
DA:100,3
DA:101,3
DA:102,3
DA:104,3
DA:109,3
DA:114,7
DA:115,3
DA:118,3
DA:119,3
DA:120,1
DA:127,1
DA:130,1
LF:59
LH:59
BRDA:38,0,0,1
BRDA:38,0,1,9
BRDA:42,1,0,2
BRDA:42,1,1,7
BRDA:48,2,0,1
BRDA:48,2,1,6
BRDA:54,3,0,2
BRDA:54,3,1,4
BRDA:94,4,0,3
BRDA:94,4,1,0
BRDA:119,5,0,1
BRDA:119,5,1,2
BRF:12
BRH:11
end_of_record
TN:
SF:src/poll/types.ts
FN:31,isPollMessage
FN:35,isPollStartMessage
FN:39,isPollFinishMessage
FNF:3
FNH:3
FNDA:9,isPollMessage
FNDA:3,isPollStartMessage
FNDA:2,isPollFinishMessage
DA:2,4
DA:31,4
DA:32,9
DA:35,4
DA:36,3
DA:39,4
DA:40,2
LF:7
LH:7
BRDA:32,0,0,9
BRDA:32,0,1,9
BRDA:32,0,2,7
BRDA:36,1,0,3
BRDA:36,1,1,3
BRDA:36,1,2,3
BRDA:40,2,0,2
BRDA:40,2,1,2
BRDA:40,2,2,2
BRF:9
BRH:9
end_of_record
TN:
SF:src/screen/MarqueeList.tsx
FN:16,(anonymous_0)
FN:27,(anonymous_1)
FNF:2
FNH:2
FNDA:1,(anonymous_0)
FNDA:3,(anonymous_1)
DA:16,1
DA:17,1
DA:20,1
DA:21,1
DA:23,1
DA:25,1
DA:28,3
LF:7
LH:7
BRDA:20,0,0,1
BRDA:20,0,1,0
BRF:2
BRH:1
end_of_record
TN:
SF:src/screen/MarqueePropsGenerator.ts
FN:27,calcMinimumEmptyLevel
FN:45,findLevelRightSpaceExists
FN:83,(anonymous_2)
FN:98,(anonymous_3)
FN:109,(anonymous_4)
FN:127,(anonymous_5)
FN:134,(anonymous_6)
FN:92,(anonymous_7)
FNF:8
FNH:8
FNDA:12,calcMinimumEmptyLevel
FNDA:10,findLevelRightSpaceExists
FNDA:11,(anonymous_2)
FNDA:11,(anonymous_3)
FNDA:2,(anonymous_4)
FNDA:9,(anonymous_5)
FNDA:507,(anonymous_6)
FNDA:1,(anonymous_7)
DA:1,1
DA:8,1
DA:9,1
DA:11,1
DA:23,1
DA:24,1
DA:25,1
DA:27,1
DA:28,12
DA:29,5
DA:32,7
DA:33,7
DA:34,9
DA:35,9
DA:36,3
DA:38,6
DA:39,5
DA:42,4
DA:45,1
DA:46,10
DA:47,2
DA:50,8
DA:51,8
DA:52,8
DA:53,8
DA:54,15
DA:55,6
DA:56,2
DA:58,4
DA:60,13
DA:61,13
DA:62,11
DA:63,11
DA:67,2
DA:69,13
DA:71,6
DA:74,1
DA:84,11
DA:85,11
DA:86,11
DA:87,11
DA:88,11
DA:89,11
DA:93,1
DA:94,1
DA:98,11
DA:99,11
DA:100,11
DA:105,11
DA:106,11
DA:109,11
DA:110,2
DA:111,1
DA:115,1
DA:116,1
DA:119,1
DA:123,1
DA:124,1
DA:127,11
DA:128,9
DA:129,9
DA:130,1
DA:131,1
DA:134,507
DA:135,8
DA:136,1
DA:137,1
DA:140,7
DA:141,7
DA:142,7
DA:143,3
DA:144,3
DA:145,2
DA:149,7
DA:150,7
DA:151,2
DA:152,3
DA:153,2
DA:154,2
DA:159,7
DA:166,7
DA:167,7
LF:82
LH:82
BRDA:28,0,0,5
BRDA:28,0,1,7
BRDA:28,1,0,12
BRDA:28,1,1,8
BRDA:35,2,0,3
BRDA:35,2,1,6
BRDA:38,3,0,5
BRDA:38,3,1,1
BRDA:46,4,0,2
BRDA:46,4,1,8
BRDA:46,5,0,10
BRDA:46,5,1,9
BRDA:54,6,0,6
BRDA:54,6,1,9
BRDA:55,7,0,2
BRDA:55,7,1,4
BRDA:61,8,0,11
BRDA:61,8,1,2
BRDA:64,9,0,11
BRDA:64,9,1,11
BRDA:71,10,0,3
BRDA:71,10,1,3
BRDA:110,11,0,1
BRDA:110,11,1,1
BRDA:129,12,0,1
BRDA:129,12,1,8
BRDA:135,13,0,1
BRDA:135,13,1,7
BRDA:142,14,0,3
BRDA:142,14,1,4
BRDA:144,15,0,2
BRDA:144,15,1,1
BRDA:145,16,0,2
BRDA:145,16,1,0
BRDA:150,17,0,2
BRDA:150,17,1,5
BRDA:150,18,0,7
BRDA:150,18,1,4
BRDA:152,19,0,2
BRDA:152,19,1,1
BRDA:93,20,0,1
BRDA:93,20,1,0
BRF:42
BRH:40
end_of_record
TN:
SF:src/server/Configuration.ts
FN:17,isRoom
FN:35,buildConfig
FN:71,loadConfigAsync
FN:93,(anonymous_3)
FN:102,(anonymous_4)
FN:118,(anonymous_5)
FN:122,(anonymous_6)
FN:126,(anonymous_7)
FN:130,(anonymous_8)
FNF:9
FNH:9
FNDA:58,isRoom
FNDA:41,buildConfig
FNDA:42,loadConfigAsync
FNDA:30,(anonymous_3)
FNDA:2,(anonymous_4)
FNDA:8,(anonymous_5)
FNDA:12,(anonymous_6)
FNDA:10,(anonymous_7)
FNDA:12,(anonymous_8)
DA:1,3
DA:5,3
DA:18,58
DA:19,0
DA:21,58
DA:33,3
DA:36,41
DA:38,41
DA:39,2
DA:41,39
DA:42,58
DA:43,2
DA:47,37
DA:48,1
DA:50,36
DA:51,35
DA:52,1
DA:55,34
DA:56,1
DA:58,33
DA:59,32
DA:60,1
DA:63,31
DA:64,31
DA:65,31
DA:71,3
DA:75,42
DA:76,42
DA:77,1
DA:79,41
DA:80,41
DA:81,31
DA:84,3
DA:94,30
DA:95,30
DA:96,30
DA:97,30
DA:98,30
DA:99,30
DA:103,2
DA:104,2
DA:105,2
DA:106,1
DA:107,1
DA:110,1
DA:111,1
DA:112,1
DA:114,0
DA:119,8
DA:123,12
DA:127,10
DA:131,12
LF:52
LH:50
BRDA:18,0,0,0
BRDA:18,0,1,58
BRDA:21,1,0,58
BRDA:21,1,1,57
BRDA:38,2,0,2
BRDA:38,2,1,39
BRDA:38,3,0,41
BRDA:38,3,1,40
BRDA:42,4,0,2
BRDA:42,4,1,56
BRDA:47,5,0,1
BRDA:47,5,1,36
BRDA:51,6,0,1
BRDA:51,6,1,34
BRDA:55,7,0,1
BRDA:55,7,1,33
BRDA:59,8,0,1
BRDA:59,8,1,31
BRDA:76,9,0,1
BRDA:76,9,1,41
BRDA:105,10,0,1
BRDA:105,10,1,1
BRF:22
BRH:21
end_of_record
TN:
SF:src/server/HealthCheck.ts
FN:18,checkPingPong
FN:33,receiveHeartbeat
FN:40,checkPendingCount
FN:56,countUpPending
FN:61,countDownPending
FN:70,(anonymous_6)
FN:81,(anonymous_7)
FN:84,(anonymous_8)
FN:87,(anonymous_9)
FN:100,(anonymous_10)
FN:114,(anonymous_11)
FN:116,(anonymous_12)
FN:117,(anonymous_13)
FN:129,(anonymous_14)
FN:135,(anonymous_15)
FNF:15
FNH:15
FNDA:28,checkPingPong
FNDA:1,receiveHeartbeat
FNDA:28,checkPendingCount
FNDA:1,countUpPending
FNDA:1,countDownPending
FNDA:13,(anonymous_6)
FNDA:8,(anonymous_7)
FNDA:56,(anonymous_8)
FNDA:203,(anonymous_9)
FNDA:1,(anonymous_10)
FNDA:10,(anonymous_11)
FNDA:70,(anonymous_12)
FNDA:65,(anonymous_13)
FNDA:1,(anonymous_14)
FNDA:2,(anonymous_15)
DA:1,2
DA:2,2
DA:3,2
DA:6,2
DA:7,2
DA:8,2
DA:9,2
DA:16,2
DA:19,28
DA:20,13
DA:21,13
DA:22,13
DA:24,15
DA:25,11
DA:26,11
DA:29,4
DA:30,4
DA:34,1
DA:35,1
DA:36,1
DA:37,1
DA:41,28
DA:42,3
DA:47,3
DA:52,3
DA:56,2
DA:57,1
DA:58,1
DA:61,2
DA:62,1
DA:63,1
DA:66,2
DA:71,13
DA:72,13
DA:73,91
DA:78,13
DA:82,8
DA:83,8
DA:84,8
DA:85,56
DA:86,56
DA:87,56
DA:88,203
DA:89,28
DA:90,28
DA:93,56
DA:94,48
DA:97,8
DA:101,1
DA:102,1
DA:103,1
DA:105,1
DA:106,7
DA:107,7
DA:109,7
DA:110,7
DA:115,10
DA:116,70
DA:117,65
DA:118,10
DA:119,10
DA:121,10
DA:122,10
DA:123,10
DA:124,10
DA:125,10
DA:126,10
DA:130,1
DA:131,0
DA:134,1
DA:135,2
DA:136,1
DA:137,1
LF:73
LH:72
BRDA:19,0,0,13
BRDA:19,0,1,15
BRDA:24,1,0,11
BRDA:24,1,1,4
BRDA:24,2,0,15
BRDA:24,2,1,9
BRDA:41,3,0,3
BRDA:41,3,1,25
BRDA:41,4,0,28
BRDA:41,4,1,26
BRDA:93,5,0,48
BRDA:93,5,1,8
BRDA:101,6,0,1
BRDA:101,6,1,0
BRDA:106,7,0,7
BRDA:106,7,1,0
BRDA:130,8,0,0
BRDA:130,8,1,1
BRDA:136,9,0,1
BRDA:136,9,1,0
BRF:20
BRH:16
end_of_record
TN:
SF:src/server/http.ts
FN:14,verifyToken
FN:25,(anonymous_2)
FN:36,login
FN:57,(anonymous_4)
FN:65,(anonymous_5)
FN:85,logout
FN:89,getFilePath
FN:93,ensureFile
FN:110,sendSoundFile
FN:123,sendSoundFileChecksum
FN:149,createRouter
FN:151,(anonymous_12)
FN:154,(anonymous_13)
FN:157,(anonymous_14)
FN:161,(anonymous_15)
FN:168,acnAznMiddlewareBase
FN:205,createApp
FNF:17
FNH:14
FNDA:9,verifyToken
FNDA:2,(anonymous_2)
FNDA:3,login
FNDA:1,(anonymous_4)
FNDA:0,(anonymous_5)
FNDA:0,logout
FNDA:4,getFilePath
FNDA:4,ensureFile
FNDA:2,sendSoundFile
FNDA:2,sendSoundFileChecksum
FNDA:12,createRouter
FNDA:3,(anonymous_12)
FNDA:0,(anonymous_13)
FNDA:2,(anonymous_14)
FNDA:2,(anonymous_15)
FNDA:12,acnAznMiddlewareBase
FNDA:12,createApp
DA:1,1
DA:2,1
DA:3,1
DA:4,1
DA:5,1
DA:6,1
DA:8,1
DA:9,1
DA:10,1
DA:12,1
DA:15,9
DA:16,9
DA:17,1
DA:19,8
DA:20,8
DA:21,1
DA:23,7
DA:24,7
DA:26,2
DA:27,2
DA:28,1
DA:30,1
DA:32,0
DA:41,3
DA:42,3
DA:43,1
DA:44,1
DA:49,1
DA:50,1
DA:52,2
DA:53,2
DA:54,1
DA:56,1
DA:58,1
DA:59,1
DA:63,1
DA:66,0
DA:71,0
DA:73,1
DA:76,1
DA:77,1
DA:82,1
DA:86,0
DA:90,4
DA:94,4
DA:95,4
DA:96,0
DA:98,4
DA:99,4
DA:100,4
DA:101,2
DA:102,0
DA:105,2
DA:107,2
DA:111,2
DA:112,2
DA:113,1
DA:114,1
DA:117,1
DA:118,1
DA:119,1
DA:120,1
DA:124,2
DA:125,2
DA:126,2
DA:127,1
DA:128,1
DA:131,1
DA:132,1
DA:150,12
DA:151,12
DA:152,3
DA:154,12
DA:155,0
DA:157,12
DA:158,2
DA:159,2
DA:161,12
DA:162,2
DA:163,2
DA:165,12
DA:169,12
DA:170,9
DA:171,9
DA:172,6
DA:173,1
DA:178,1
DA:179,1
DA:181,5
DA:182,1
DA:187,1
DA:188,1
DA:190,4
DA:192,3
DA:193,3
DA:198,3
DA:199,3
DA:202,7
DA:205,1
DA:206,12
DA:207,12
DA:208,12
DA:212,12
DA:213,12
DA:214,12
DA:215,12
DA:216,12
DA:217,12
DA:218,12
DA:219,12
LF:110
LH:103
BRDA:16,0,0,1
BRDA:16,0,1,8
BRDA:20,1,0,1
BRDA:20,1,1,7
BRDA:20,2,0,8
BRDA:20,2,1,7
BRDA:26,3,0,2
BRDA:26,3,1,0
BRDA:27,4,0,1
BRDA:27,4,1,1
BRDA:42,5,0,1
BRDA:42,5,1,2
BRDA:53,6,0,1
BRDA:53,6,1,1
BRDA:53,7,0,2
BRDA:53,7,1,1
BRDA:95,8,0,0
BRDA:95,8,1,4
BRDA:101,9,0,0
BRDA:101,9,1,2
BRDA:112,10,0,1
BRDA:112,10,1,1
BRDA:126,11,0,1
BRDA:126,11,1,1
BRDA:169,12,0,9
BRDA:169,12,1,3
BRDA:172,13,0,1
BRDA:172,13,1,5
BRDA:181,14,0,1
BRDA:181,14,1,4
BRF:30
BRH:27
end_of_record
TN:
SF:src/server/jwt.ts
FN:7,sign
FN:12,(anonymous_1)
FN:18,(anonymous_2)
FN:29,verify
FN:30,(anonymous_4)
FN:32,(anonymous_5)
FNF:6
FNH:6
FNDA:2,sign
FNDA:2,(anonymous_1)
FNDA:2,(anonymous_2)
FNDA:10,verify
FNDA:10,(anonymous_4)
FNDA:10,(anonymous_5)
DA:1,2
DA:3,2
DA:7,2
DA:12,2
DA:13,2
DA:19,2
DA:20,2
DA:22,0
DA:29,2
DA:30,10
DA:31,10
DA:33,10
DA:34,7
DA:36,3
LF:14
LH:13
BRDA:15,0,0,0
BRDA:15,0,1,2
BRDA:19,1,0,2
BRDA:19,1,1,0
BRDA:19,2,0,2
BRDA:19,2,1,2
BRDA:33,3,0,7
BRDA:33,3,1,3
BRDA:33,4,0,10
BRDA:33,4,1,7
BRF:10
BRH:8
end_of_record
TN:
SF:src/server/websocket.ts
FN:42,sendMessage
FN:45,(anonymous_2)
FN:54,sendAuthResponse
FN:75,authenticate
FN:82,(anonymous_5)
FN:83,(anonymous_6)
FN:96,authorize
FN:98,(anonymous_8)
FN:111,(anonymous_9)
FN:116,broadcast
FN:131,(anonymous_11)
FN:139,onConnected
FN:155,(anonymous_13)
FN:169,(anonymous_14)
FN:174,(anonymous_15)
FN:182,createWebSocketServer
FN:189,(anonymous_17)
FN:194,(anonymous_18)
FN:197,(anonymous_19)
FNF:19
FNH:18
FNDA:5,sendMessage
FNDA:2,(anonymous_2)
FNDA:3,sendAuthResponse
FNDA:2,authenticate
FNDA:1,(anonymous_5)
FNDA:0,(anonymous_6)
FNDA:3,authorize
FNDA:2,(anonymous_8)
FNDA:1,(anonymous_9)
FNDA:2,broadcast
FNDA:3,(anonymous_11)
FNDA:10,onConnected
FNDA:7,(anonymous_13)
FNDA:1,(anonymous_14)
FNDA:1,(anonymous_15)
FNDA:12,createWebSocketServer
FNDA:10,(anonymous_17)
FNDA:1,(anonymous_18)
FNDA:13,(anonymous_19)
DA:1,1
DA:3,1
DA:5,1
DA:7,1
DA:21,1
DA:40,1
DA:43,5
DA:44,5
DA:45,5
DA:46,2
DA:47,0
DA:48,0
DA:50,2
DA:55,3
DA:56,2
DA:62,2
DA:63,2
DA:66,1
DA:71,1
DA:72,1
DA:76,2
DA:77,2
DA:78,3
DA:79,1
DA:80,1
DA:81,1
DA:82,1
DA:83,0
DA:84,1
DA:87,1
DA:88,1
DA:93,1
DA:97,3
DA:99,2
DA:100,1
DA:105,1
DA:106,1
DA:108,1
DA:109,1
DA:112,1
DA:121,2
DA:122,1
DA:123,1
DA:124,1
DA:126,1
DA:127,1
DA:128,1
DA:129,1
DA:130,1
DA:131,1
DA:132,3
DA:133,3
DA:134,2
DA:148,10
DA:149,10
DA:152,10
DA:153,10
DA:154,10
DA:155,10
DA:156,7
DA:157,7
DA:158,7
DA:159,2
DA:160,5
DA:161,2
DA:162,3
DA:163,3
DA:165,0
DA:166,0
DA:169,10
DA:170,1
DA:171,1
DA:172,1
DA:174,10
DA:175,1
DA:176,1
DA:177,1
DA:179,10
DA:182,1
DA:187,12
DA:188,12
DA:189,12
DA:190,10
DA:191,10
DA:194,12
DA:195,1
DA:197,12
DA:198,13
DA:199,13
DA:202,12
LF:90
LH:85
BRDA:46,0,0,0
BRDA:46,0,1,2
BRDA:55,1,0,2
BRDA:55,1,1,1
BRDA:55,2,0,3
BRDA:55,2,1,2
BRDA:69,3,0,1
BRDA:69,3,1,0
BRDA:78,4,0,1
BRDA:78,4,1,2
BRDA:78,5,0,3
BRDA:78,5,1,2
BRDA:99,6,0,1
BRDA:99,6,1,1
BRDA:121,7,0,1
BRDA:121,7,1,1
BRDA:133,8,0,2
BRDA:133,8,1,1
BRDA:133,9,0,3
BRDA:133,9,1,2
BRDA:133,9,2,0
BRDA:158,10,0,2
BRDA:158,10,1,5
BRDA:160,11,0,2
BRDA:160,11,1,3
BRDA:162,12,0,3
BRDA:162,12,1,0
BRF:27
BRH:23
end_of_record
TN:
SF:src/wscomp/WebSocketClient.tsx
FN:31,createWebSocket
FN:42,(anonymous_1)
FN:46,(anonymous_2)
FN:54,(anonymous_3)
FN:60,(anonymous_4)
FN:66,(anonymous_5)
FN:73,(anonymous_6)
FN:87,(anonymous_7)
FN:95,(anonymous_8)
FN:99,(anonymous_9)
FN:109,WebSocketClient
FN:114,(anonymous_11)
FN:115,(anonymous_12)
FN:116,(anonymous_13)
FN:117,(anonymous_14)
FN:120,(anonymous_15)
FN:124,(anonymous_16)
FN:135,(anonymous_17)
FNF:18
FNH:0
FNDA:0,createWebSocket
FNDA:0,(anonymous_1)
FNDA:0,(anonymous_2)
FNDA:0,(anonymous_3)
FNDA:0,(anonymous_4)
FNDA:0,(anonymous_5)
FNDA:0,(anonymous_6)
FNDA:0,(anonymous_7)
FNDA:0,(anonymous_8)
FNDA:0,(anonymous_9)
FNDA:0,WebSocketClient
FNDA:0,(anonymous_11)
FNDA:0,(anonymous_12)
FNDA:0,(anonymous_13)
FNDA:0,(anonymous_14)
FNDA:0,(anonymous_15)
FNDA:0,(anonymous_16)
FNDA:0,(anonymous_17)
DA:1,2
DA:2,2
DA:29,2
DA:36,0
DA:37,0
DA:38,0
DA:41,0
DA:42,0
DA:43,0
DA:44,0
DA:47,0
DA:48,0
DA:49,0
DA:50,0
DA:51,0
DA:55,0
DA:56,0
DA:57,0
DA:58,0
DA:61,0
DA:62,0
DA:63,0
DA:65,0
DA:66,0
DA:67,0
DA:68,0
DA:69,0
DA:71,0
DA:74,0
DA:75,0
DA:76,0
DA:77,0
DA:79,0
DA:80,0
DA:81,0
DA:85,0
DA:87,0
DA:88,0
DA:89,0
DA:90,0
DA:91,0
DA:93,0
DA:95,0
DA:96,0
DA:97,0
DA:99,0
DA:100,0
DA:101,0
DA:102,0
DA:105,0
DA:106,0
DA:109,2
DA:112,0
DA:113,0
DA:114,0
DA:115,0
DA:116,0
DA:117,0
DA:120,0
DA:121,0
DA:124,0
DA:125,0
DA:126,0
DA:127,0
DA:131,0
DA:133,0
DA:135,0
DA:136,0
DA:137,0
DA:138,0
DA:139,0
DA:144,0
LF:72
LH:4
BRDA:36,0,0,0
BRDA:36,0,1,0
BRDA:48,1,0,0
BRDA:48,1,1,0
BRDA:61,2,0,0
BRDA:61,2,1,0
BRDA:75,3,0,0
BRDA:75,3,1,0
BRDA:79,4,0,0
BRDA:79,4,1,0
BRDA:89,5,0,0
BRDA:89,5,1,0
BRDA:125,6,0,0
BRDA:125,6,1,0
BRDA:136,7,0,0
BRDA:136,7,1,0
BRF:16
BRH:0
end_of_record
